node   1  (   0,    0) (   4,    3) (   6,    5) (   3,    3) (   1,    1) (   2,    2) (   3,    3) (   4,    4) (   2,    2) (   3,    3)
          (   2,    2) (   2,    2) (   2,    2) (   2,    2) (   2,    2) (   3,    3) (   3,    3) (   2,    2) (   1,    1) (   3,    3)
          (   2,    2) (   1,    1) (   4,    4) (   2,    2) (   1,    1) (   3,    3) (   2,    2) (   2,    2) (   2,    2) (   2,    2)
          (   2,    2) (   3,    3) (   2,    2) (   1,    1) (   1,    1) (   2,    2) (   1,    1) (   2,    2) (   2,    2) (   2,    2)
          (   3,    3) (   3,    3) (   4,    4) (   2,    2) (   3,    3) (   2,    2) (   2,    2) (   2,    2) (   2,    2) (   3,    3)
          (   1,    1) (   5,    5) (   2,    2) (   3,    3) (   2,    2) (   3,    3) (   4,    4) (   1,    1) (   1,    1) (   3,    3)
          (   2,    2) (   2,    2) (   1,    1) (   3,    3) (   1,    1) (   3,    3) (   3,    3) (   6,    6) (   1,    1) (   4,    4)
          (   1,    1) (   3,    3) (   2,    2) (   2,    2) (   1,    1) (   3,    3) (   2,    2) (   3,    3) (   2,    2) (   2,    2)
          (   4,    4) (   3,    3) (   2,    2) (   1,    1) (   3,    3) (   1,    1) (   2,    2) (   1,    1) (   1,    1) (   2,    2)
          (   5,    5) (   3,    3) (   1,    1) (   4,    4) (   2,    2) (   4,    4) (   3,    3) (   2,    2) (   2,    2) (   3,    3)
          (   1,    1) (   1,    1) (   2,    2) (   1,    0) (   2,    2) (   1,    0) (   1,    0) (   2,    2) (   2,    1) (   2,    2)
          (   1,    0) (   2,    1) (   1,    1) (   1,    1) (   2,    1) (   2,    1) (   1,    0) (   1,    0) (   1,    1) (   3,    2)
          (   2,    1) (   2,    1) (   1,    0) (   1,    1) (   2,    1) (   1,    0) (   2,    1) (   1,    0) (   2,    1) (   2,    1)
          (   1,    0) (   2,    2) (   2,    1) (   1,    1) (   1,    1) (   1,    1) (   1,    1) (   2,    2) (   2,    1) (   1,    1)
          (   1,    0) (   1,    1) (   1,    0) (   1,    1) (   1,    0) (   2,    1) (   2,    1) (   1,    0) (   2,    2) (   1,    0)
          (   1,    0) (   1,    0) (   3,    2) (   1,    0) (   1,    0) (   1,    1) (   2,    1) (   1,    0) (   1,    0) (   1,    0)
          (   1,    1) (   2,    1) (   2,    1) (   1,    0) (   1,    0) (   1,    1) (   1,    0) (   2,    1) (   2,    1) (   1,    1)
          (   1,    0) (   1,    0) (   2,    2) (   2,    1) (   3,    3) (   1,    1) (   1,    0) (   2,    1) (   1,    1) (   1,    0)
          (   2,    1) (   2,    1) (   3,    2) (   3,    2) (   3,    2) (   1,    0) (   3,    2) (   1,    1) (   1,    0) (   2,    2)
          (   3,    2) (   1,    1) (   2,    1) (   1,    0) (   1,    1) (   1,    1) (   2,    1) (   2,    1) (   2,    1) (   2,    2)
          (   1,    1) (   1,    1) (   1,    0) (   2,    2) (   2,    2) (   1,    0) (   1,    0) (   3,    2) (   1,    0) (   1,    0)
          (   2,    1) (   2,    2) (   2,    1) (   1,    1) (   1,    1) (   2,    2) (   2,    2) (   1,    0) (   2,    1) (   1,    0)
          (   1,    1) (   2,    1) (   3,    2) (   1,    1) (   2,    1) (   2,    2) (   3,    3) (   1,    1) (   3,    3) (   2,    2)
          (   1,    1) (   2,    1) (   1,    1) (   2,    2) (   2,    1) (   1,    0) (   2,    1) (   3,    3) (   1,    0) (   1,    0)
          (   1,    0) (   1,    1) (   2,    2) (   2,    2) (   1,    1) (   1,    0) (   2,    1) (   2,    2) (   1,    0) (   1,    0)
          (   1,    0) (   2,    1) (   1,    1) (   2,    2) (   1,    1) (   3,    3) (   2,    2) (   1,    0) (   1,    0) (   2,    1)
          (   2,    1) (   1,    1) (   2,    1) (   1,    0) (   2,    2) (   2,    1) (   1,    0) (   2,    1) (   2,    2) (   1,    0)
          (   1,    0) (   2,    2) (   2,    1) (   2,    1) (   2,    1) (   2,    1) (   2,    2) (   1,    1) (   2,    1) (   2,    1)
          (   2,    2) (   1,    1) (   1,    1) (   3,    2) (   1,    1) (   2,    2) (   2,    2) (   1,    0) (   1,    0) (   2,    2)
          (   1,    0) (   3,    3) (   2,    2) (   1,    0) (   2,    1) (   1,    1) (   1,    0) (   4,    4) (   1,    0) (   1,    0)
          (   1,    0) (   1,    1) (   1,    0) (   1,    1) (   1,    0) (   3,    3) (   1,    1) (   1,    1) (   1,    0) (   1,    0)
          (   1,    1) (   1,    0) (   2,    2) (   1,    1) (   1,    0) (   2,    1) (   1,    1) (   2,    1) (   1,    0) (   1,    0)
          (   1,    0) (   1,    0) (   1,    1) (   1,    0) (   1,    1) (   1,    1) (   3,    2) (   3,    3) (   1,    0) (   1,    0)
          (   1,    0) (   1,    0) (   1,    0) (   1,    0) (   1,    1) (   1,    0) (   1,    0) (   1,    1) (   1,    0) (   2,    2)
          (   1,    0) (   3,    2) (   2,    2) (   2,    2) (   1,    1) (   1,    0) (   2,    1) (   2,    2) (   1,    1) (   1,    0)
          (   1,    0) (   2,    2) (   2,    1) (   2,    2) (   2,    1) (   1,    0) (   1,    0) (   2,    1) (   2,    1) (   2,    1)
          (   2,    1) (   2,    2) (   5,    5) (   1,    1) (   1,    0) (   3,    3) (   1,    1) (   3,    2) (   2,    1) (   1,    0)
          (   1,    0) (   1,    1) (   3,    2) (   1,    1) (   3,    3) (   2,    1) (   2,    1) (   1,    0) (   2,    1) (   1,    1)
          (   1,    0) (   3,    2) (   1,    1) (   4,    3) (   1,    1) (   1,    0) (   1,    0) (   2,    1) (   1,    0) (   2,    2)
          (   1,    1) (   1,    0) (   1,    0) (   2,    2) (   2,    1) (   1,    1) (   2,    1) (   2,    1) (   1,    0) (   2,    2)
          (   1,    0) (   1,    1) (   2,    1) (   2,    2) (   1,    0) (   1,    1) (   3,    2) (   3,    3) (   1,    0) (   1,    0)
          (   1,    0) (   2,    2) (   1,    0) (   3,    2) (   2,    1) (   1,    0) (   2,    1) (   1,    1) (   2,    1) (   1,    1)
          (   1,    1) (   1,    0) (   2,    1) (   2,    1) (   2,    1) (   1,    0) (   1,    0) (   1,    1) (   2,    1) (   2,    2)
          (   1,    0) (   1,    1) (   1,    0) (   2,    1) (   1,    0) (   2,    1) (   1,    1) (   2,    1) (   2,    2) (   1,    0)
          (   1,    1) (   1,    0) (   2,    1) (   2,    1) (   2,    1) (   1,    1) (   3,    3) (   1,    1) (   1,    0) (   1,    0)
          (   2,    2) (   2,    1) (   1,    0) (   1,    0) (   2,    2) (   1,    0) (   2,    1) (   1,    0) (   2,    1) (   3,    3)
          (   2,    2) (   1,    0) (   3,    3) (   3,    3) (   1,    0) (   1,    0) (   2,    1) (   1,    0) (   1,    0) (   1,    1)
          (   2,    1) (   2,    2) (   3,    2) (   1,    0) (   1,    1) (   1,    0) (   4,    3) (   1,    1) (   1,    0) (   3,    2)
          (   1,    1) (   2,    2) (   2,    2) (   1,    0) (   1,    0) (   2,    1) (   1,    0) (   1,    0) (   2,    1) (   1,    0)
          (   3,    2) (   1,    0) (   1,    0) (   1,    0) (   2,    2) (   1,    0) (   1,    1) (   2,    1) (   1,    0) (   3,    2)
          (   2,    1) (   2,    2) (   1,    0) (   1,    1) (   1,    0) (   2,    2) (   1,    1) (   2,    1) (   1,    1) (   2,    1)
          (   1,    1) (   3,    3) (   4,    4) (   1,    1) (   1,    0) (   2,    2) (   1,    1) (   2,    1) (   1,    0) (   1,    1)
          (   2,    1) (   2,    2) (   5,    4) (   1,    1) (   1,    0) (   4,    4) (   2,    1) (   2,    2) (   3,    3) (   1,    1)
          (   2,    1) (   1,    0) (   1,    1) (   2,    1) (   1,    0) (   1,    0) (   2,    1) (   2,    1) (   1,    1) (   2,    2)
          (   2,    2) (   2,    2) (   1,    0) (   1,    0) (   3,    3) (   2,    2) (   2,    1) (   3,    3) (   2,    1) (   2,    2)
          (   2,    2) (   1,    0) (   1,    0) (   1,    0) (   1,    0) (   2,    1) (   2,    1) (   1,    0) (   2,    1) (   1,    1)
          (   1,    1) (   1,    0) (   2,    1) (   3,    3) (   1,    0) (   3,    2) (   1,    1) (   2,    2) (   1,    0) (   1,    1)
          (   2,    2) (   1,    1) (   2,    2) (   2,    2) (   2,    1) (   2,    2) (   1,    0) (   1,    0) (   1,    0) (   1,    0)
          (   2,    1) (   1,    1) (   1,    1) (   1,    0) (   1,    1) (   1,    1) (   1,    1) (   2,    1) (   2,    1) (   1,    1)
          (   2,    1) (   1,    0) (   2,    1) (   1,    1) (   1,    1) (   3,    2) (   1,    1) (   1,    0) (   1,    0) (   1,    0)
          (   1,    0) (   1,    1) (   1,    0) (   2,    1) (   1,    1) (   1,    1) (   2,    1) (   2,    1) (   1,    0) (   1,    1)
          (   1,    1) (   2,    1) (   2,    2) (   1,    0) (   2,    1) (   1,    0) (   1,    1) (   2,    1) (   2,    2) (   1,    0)
          (   2,    1) (   1,    1) (   2,    2) (   1,    0) (   1,    0) (   2,    1) (   2,    1) (   2,    2) (   1,    1) (   2,    1)
          (   2,    1) (   1,    0) (   1,    0) (   4,    4) (   3,    2) (   2,    1) (   1,    0) (   1,    1) (   2,    1) (   2,    1)
          (   1,    0) (   2,    2) (   1,    1) (   1,    1) (   3,    3) (   1,    1) (   1,    1) (   3,    3) (   1,    1) (   1,    0)
          (   1,    0) (   1,    0) (   2,    1) (   1,    0) (   1,    1) (   1,    1) (   2,    1) (   1,    0) (   1,    0) (   2,    1)
          (   2,    2) (   3,    2) (   3,    3) (   1,    1) (   1,    0) (   1,    0) (   1,    0) (   1,    1) (   1,    0) (   1,    1)
          (   2,    2) (   1,    1) (   1,    1) (   1,    0) (   2,    1) (   1,    0) (   2,    2) (   2,    2) (   1,    0) (   1,    0)
          (   2,    1) (   1,    1) (   1,    0) (   1,    0) (   2,    1) (   1,    1) (   1,    0) (   2,    1) (   1,    0) (   1,    0)
          (   1,    0) (   1,    0) (   1,    1) (   1,    0) (   2,    1) (   1,    1) (   1,    1) (   2,    1) (   1,    1) (   3,    3)
         
node   1 sent_total   1172  recv_total    811

node   2  (   1,    0) (   0,    0) (   0,    1) (   2,    1) (   3,    2) (   3,    3) (   3,    3) (   2,    2) (   1,    1) (   2,    2)
          (   1,    1) (   1,    1) (   2,    2) (   2,    2) (   3,    3) (   3,    3) (   1,    1) (   2,    2) (   3,    3) (   1,    1)
          (   5,    5) (   1,    1) (   2,    2) (   1,    1) (   3,    3) (   4,    4) (   4,    4) (   1,    1) (   3,    3) (   3,    3)
          (   2,    2) (   1,    1) (   3,    3) (   2,    2) (   1,    1) (   3,    3) (   3,    3) (   3,    3) (   2,    2) (   1,    1)
          (   1,    1) (   2,    2) (   1,    1) (   1,    1) (   2,    2) (   3,    3) (   3,    3) (   4,    4) (   3,    3) (   2,    2)
          (   2,    2) (   3,    3) (   2,    2) (   2,    2) (   3,    3) (   1,    1) (   1,    1) (   4,    4) (   2,    2) (   2,    2)
          (   2,    2) (   1,    1) (   1,    1) (   2,    2) (   3,    3) (   1,    1) (   1,    1) (   2,    2) (   4,    4) (   1,    1)
          (   1,    1) (   3,    3) (   1,    1) (   1,    1) (   1,    1) (   1,    1) (   1,    1) (   3,    3) (   1,    1) (   2,    2)
          (   1,    1) (   3,    3) (   2,    2) (   2,    2) (   3,    3) (   1,    1) (   2,    2) (   2,    2) (   1,    1) (   2,    2)
          (   1,    1) (   1,    1) (   1,    1) (   1,    1) (   1,    1) (   2,    2) (   1,    1) (   1,    1) (   3,    3) (   1,    1)
          (   1,    1) (   2,    2) (   1,    1) (   3,    3) (   3,    2) (   1,    0) (   2,    1) (   1,    0) (   3,    2) (   1,    0)
          (   1,    1) (   1,    0) (   1,    0) (   1,    0) (   2,    2) (   1,    1) (   3,    3) (   1,    1) (   1,    0) (   1,    0)
          (   1,    0) (   1,    1) (   2,    1) (   1,    1) (   2,    2) (   1,    0) (   1,    0) (   1,    0) (   1,    0) (   1,    1)
          (   3,    3) (   1,    0) (   2,    2) (   1,    0) (   2,    1) (   1,    1) (   2,    2) (   1,    1) (   2,    2) (   4,    4)
          (   2,    2) (   1,    1) (   2,    1) (   1,    0) (   2,    1) (   1,    0) (   2,    1) (   2,    1) (   1,    1) (   2,    2)
          (   1,    0) (   2,    2) (   2,    2) (   2,    1) (   1,    0) (   1,    0) (   1,    0) (   1,    0) (   1,    0) (   2,    1)
          (   1,    1) (   1,    0) (   2,    2) (   3,    3) (   2,    1) (   1,    0) (   1,    1) (   1,    1) (   3,    2) (   1,    1)
          (   2,    2) (   2,    1) (   1,    0) (   2,    2) (   1,    1) (   1,    0) (   2,    2) (   1,    0) (   1,    0) (   1,    1)
          (   2,    1) (   1,    1) (   1,    1) (   1,    1) (   1,    1) (   1,    0) (   2,    1) (   3,    3) (   1,    0) (   1,    0)
          (   1,    1) (   2,    1) (   1,    0) (   1,    0) (   2,    1) (   3,    3) (   1,    0) (   2,    1) (   2,    2) (   1,    1)
          (   1,    1) (   1,    0) (   3,    3) (   1,    1) (   1,    0) (   1,    0) (   2,    1) (   1,    0) (   1,    1) (   1,    0)
          (   1,    1) (   1,    0) (   1,    1) (   1,    1) (   4,    4) (   1,    0) (   1,    0) (   2,    1) (   1,    0) (   1,    1)
          (   1,    1) (   1,    1) (   1,    1) (   1,    0) (   2,    1) (   3,    2) (   2,    2) (   2,    1) (   2,    1) (   1,    1)
          (   2,    2) (   2,    1) (   2,    2) (   1,    1) (   1,    0) (   2,    1) (   1,    1) (   1,    0) (   1,    1) (   1,    1)
          (   1,    0) (   1,    0) (   2,    1) (   2,    2) (   2,    1) (   1,    1) (   2,    1) (   1,    1) (   1,    0) (   1,    0)
          (   1,    1) (   2,    1) (   2,    1) (   1,    0) (   2,    1) (   1,    0) (   1,    1) (   1,    0) (   1,    0) (   1,    0)
          (   1,    1) (   1,    1) (   1,    1) (   1,    0) (   2,    1) (   1,    1) (   1,    0) (   2,    1) (   1,    0) (   1,    1)
          (   1,    0) (   2,    1) (   1,    1) (   1,    1) (   1,    0) (   1,    0) (   2,    2) (   2,    1) (   1,    0) (   3,    2)
          (   3,    2) (   3,    2) (   1,    0) (   2,    1) (   1,    1) (   1,    1) (   2,    2) (   1,    0) (   2,    2) (   2,    1)
          (   2,    2) (   1,    0) (   1,    1) (   1,    1) (   1,    1) (   3,    2) (   2,    1) (   1,    1) (   2,    2) (   1,    0)
          (   1,    1) (   1,    0) (   2,    1) (   1,    1) (   1,    1) (   2,    1) (   1,    0) (   1,    1) (   1,    1) (   1,    0)
          (   1,    1) (   1,    1) (   1,    0) (   3,    2) (   1,    1) (   2,    1) (   2,    2) (   1,    0) (   1,    0) (   2,    1)
          (   1,    0) (   2,    2) (   1,    0) (   1,    0) (   1,    1) (   1,    0) (   2,    1) (   1,    1) (   2,    1) (   1,    0)
          (   1,    0) (   1,    1) (   1,    0) (   2,    1) (   1,    0) (   3,    2) (   2,    1) (   1,    0) (   1,    1) (   2,    1)
          (   2,    1) (   1,    1) (   1,    1) (   1,    0) (   1,    0) (   2,    1) (   2,    2) (   1,    1) (   1,    0) (   2,    2)
          (   2,    2) (   1,    0) (   1,    0) (   1,    1) (   2,    1) (   1,    0) (   3,    3) (   1,    0) (   1,    0) (   1,    0)
          (   2,    1) (   1,    0) (   1,    1) (   1,    1) (   3,    2) (   1,    0) (   1,    1) (   1,    0) (   1,    1) (   3,    2)
          (   2,    1) (   1,    1) (   2,    2) (   1,    0) (   1,    1) (   1,    0) (   2,    1) (   1,    1) (   1,    0) (   1,    0)
          (   2,    2) (   1,    1) (   2,    1) (   1,    1) (   2,    1) (   1,    1) (   1,    1) (   1,    0) (   1,    0) (   1,    0)
          (   2,    1) (   1,    1) (   2,    2) (   1,    0) (   1,    1) (   1,    1) (   1,    0) (   1,    1) (   1,    0) (   1,    0)
          (   2,    1) (   1,    1) (   3,    2) (   1,    1) (   3,    2) (   1,    0) (   2,    1) (   1,    0) (   1,    1) (   1,    1)
          (   2,    2) (   1,    0) (   1,    1) (   1,    0) (   2,    1) (   1,    0) (   1,    1) (   2,    2) (   1,    1) (   1,    0)
          (   1,    1) (   1,    1) (   1,    0) (   1,    1) (   1,    0) (   2,    2) (   1,    0) (   2,    2) (   1,    0) (   1,    0)
          (   3,    3) (   1,    0) (   1,    0) (   1,    0) (   1,    0) (   2,    2) (   2,    2) (   1,    1) (   1,    0) (   3,    3)
          (   1,    0) (   2,    2) (   1,    0) (   1,    0) (   1,    0) (   1,    1) (   1,    0) (   1,    1) (   2,    1) (   2,    2)
          (   1,    1) (   1,    0) (   1,    1) (   2,    1) (   1,    1) (   1,    1) (   1,    1) (   2,    1) (   1,    0) (   1,    0)
          (   1,    1) (   2,    1) (   1,    0) (   2,    2) (   3,    3) (   2,    2) (   1,    0) (   2,    1) (   1,    0) (   1,    1)
          (   1,    0) (   1,    0) (   1,    1) (   1,    0) (   1,    0) (   2,    1) (   2,    1) (   1,    1) (   1,    1) (   2,    1)
          (   3,    3) (   2,    1) (   1,    1) (   1,    0) (   2,    2) (   2,    2) (   1,    1) (   2,    2) (   3,    3) (   1,    0)
          (   1,    1) (   1,    0) (   1,    0) (   1,    0) (   1,    0) (   3,    2) (   1,    0) (   2,    2) (   2,    1) (   1,    0)
          (   2,    2) (   1,    0) (   1,    1) (   2,    2) (   1,    1) (   1,    1) (   2,    2) (   1,    0) (   1,    1) (   1,    1)
          (   1,    0) (   1,    0) (   1,    1) (   2,    1) (   2,    2) (   1,    1) (   1,    1) (   1,    0) (   3,    3) (   1,    0)
          (   2,    1) (   1,    1) (   1,    1) (   2,    2) (   1,    0) (   1,    1) (   2,    2) (   1,    0) (   1,    0) (   1,    0)
          (   1,    1) (   2,    1) (   1,    0) (   1,    0) (   1,    0) (   1,    0) (   1,    0) (   2,    2) (   3,    2) (   2,    2)
          (   3,    2) (   1,    1) (   2,    2) (   3,    2) (   2,    1) (   2,    2) (   1,    1) (   1,    1) (   1,    0) (   1,    1)
          (   3,    2) (   2,    2) (   1,    1) (   1,    1) (   1,    0) (   2,    1) (   1,    1) (   1,    1) (   1,    1) (   2,    2)
          (   1,    0) (   1,    1) (   2,    1) (   1,    0) (   2,    2) (   1,    0) (   1,    0) (   2,    1) (   2,    1) (   2,    1)
          (   2,    2) (   2,    2) (   1,    1) (   1,    1) (   2,    2) (   3,    3) (   1,    1) (   2,    2) (   1,    0) (   2,    1)
          (   1,    0) (   2,    2) (   1,    0) (   3,    3) (   1,    1) (   3,    3) (   1,    1) (   1,    0) (   1,    1) (   1,    1)
          (   2,    1) (   2,    1) (   1,    1) (   1,    0) (   2,    2) (   1,    0) (   1,    0) (   1,    1) (   1,    0) (   2,    2)
          (   1,    0) (   2,    1) (   1,    1) (   1,    0) (   3,    3) (   2,    1) (   2,    1) (   1,    1) (   2,    2) (   1,    0)
          (   3,    3) (   1,    1) (   2,    1) (   1,    1) (   1,    0) (   2,    2) (   1,    0) (   2,    2) (   2,    1) (   1,    0)
          (   1,    1) (   1,    0) (   1,    0) (   2,    1) (   1,    0) (   1,    1) (   1,    0) (   3,    3) (   1,    1) (   3,    3)
          (   1,    1) (   2,    2) (   2,    2) (   1,    0) (   2,    2) (   2,    2) (   1,    1) (   2,    1) (   1,    0) (   1,    0)
          (   1,    0) (   1,    0) (   3,    2) (   2,    1) (   2,    1) (   1,    0) (   2,    1) (   1,    0) (   1,    0) (   1,    1)
          (   2,    1) (   3,    3) (   1,    0) (   1,    0) (   2,    2) (   1,    0) (   1,    0) (   1,    1) (   1,    1) (   1,    0)
          (   1,    1) (   1,    1) (   1,    0) (   2,    2) (   2,    1) (   1,    1) (   2,    2) (   1,    0) (   1,    0) (   1,    1)
          (   1,    1) (   2,    1) (   1,    1) (   1,    0) (   1,    1) (   1,    1) (   2,    1) (   1,    0) (   1,    0) (   1,    0)
          (   1,    1) (   1,    0) (   1,    0) (   1,    0) (   3,    2) (   2,    1) (   1,    0) (   1,    0) (   1,    0) (   1,    0)
          (   1,    0) (   1,    0) (   1,    1) (   1,    0) (   2,    1) (   1,    0) (   1,    0) (   2,    2) (   1,    1) (   1,    0)
         
node   2 sent_total   1057  recv_total    723

node   3  (   1,    0) (   0,    0) (   1,    1) (   3,    2) (   4,    4) (   4,    4) (   2,    2) (   3,    3) (   2,    2) (   3,    3)
          (   1,    1) (   3,    3) (   2,    2) (   3,    3) (   1,    1) (   2,    2) (   1,    1) (   1,    1) (   3,    3) (   1,    1)
          (   2,    2) (   2,    2) (   2,    2) (   1,    1) (   2,    2) (   2,    2) (   1,    1) (   1,    1) (   1,    1) (   3,    3)
          (   2,    2) (   2,    2) (   2,    2) (   4,    4) (   2,    2) (   3,    3) (   2,    2) (   2,    2) (   2,    2) (   2,    2)
          (   2,    2) (   1,    1) (   1,    1) (   2,    2) (   2,    2) (   2,    2) (   4,    4) (   1,    1) (   3,    3) (   2,    2)
          (   2,    2) (   3,    3) (   1,    1) (   1,    1) (   3,    3) (   1,    1) (   2,    2) (   2,    2) (   3,    3) (   2,    2)
          (   3,    3) (   1,    1) (   1,    1) (   4,    4) (   1,    1) (   3,    3) (   3,    3) (   1,    1) (   2,    2) (   1,    1)
          (   2,    2) (   1,    1) (   2,    2) (   5,    5) (   2,    2) (   2,    2) (   3,    3) (   2,    2) (   2,    2) (   1,    1)
          (   1,    1) (   1,    1) (   1,    1) (   1,    1) (   2,    2) (   1,    1) (   2,    2) (   3,    3) (   4,    4) (   1,    1)
          (   2,    2) (   2,    2) (   2,    2) (   1,    1) (   4,    4) (   1,    1) (   2,    2) (   2,    2) (   3,    3) (   2,    2)
          (   2,    2) (   0,    0) (   0,    0) (   0,    0) (   0,    0) (   0,    0) (   0,    0) (   0,    0) (   0,    0) (   0,    0)
          (   0,    0) (   0,    0) (   0,    0) (   0,    0) (   0,    0) (   0,    0) (   0,    0) (   0,    0) (   0,    0) (   0,    0)
          (   0,    0) (   0,    0) (   0,    0) (   0,    0) (   0,    0) (   0,    0) (   0,    0) (   0,    0) (   0,    0) (   0,    0)
          (   0,    0) (   0,    0) (   0,    0) (   0,    0) (   0,    0) (   0,    0) (   0,    0) (   0,    0) (   0,    0) (   0,    0)
          (   0,    0) (   0,    0) (   0,    0) (   0,    0) (   0,    0) (   0,    0) (   0,    0) (   0,    0) (   0,    0) (   0,    0)
          (   0,    0) (   0,    0) (   0,    0) (   0,    0) (   0,    0) (   0,    0) (   0,    0) (   0,    0) (   0,    0) (   0,    0)
          (   0,    0) (   0,    0) (   0,    0) (   0,    0) (   0,    0) (   0,    0) (   0,    0) (   0,    0) (   0,    0) (   0,    0)
          (   0,    0) (   0,    0) (   0,    0) (   0,    0) (   0,    0) (   0,    0) (   0,    0) (   0,    0) (   0,    0) (   0,    0)
          (   0,    0) (   0,    0) (   0,    0) (   0,    0) (   0,    0) (   0,    0) (   0,    0) (   0,    0) (   0,    0) (   0,    0)
          (   0,    0) (   0,    0) (   0,    0) (   0,    0) (   0,    0) (   0,    0) (   0,    0) (   0,    0) (   0,    0) (   0,    0)
          (   0,    0) (   0,    0) (   0,    0) (   0,    0) (   0,    0) (   0,    0) (   0,    0) (   0,    0) (   0,    0) (   0,    0)
          (   0,    0) (   0,    0) (   0,    0) (   0,    0) (   0,    0) (   0,    0) (   0,    0) (   0,    0) (   0,    0) (   0,    0)
          (   0,    0) (   0,    0) (   0,    0) (   0,    0) (   0,    0) (   0,    0) (   0,    0) (   0,    0) (   0,    0) (   0,    0)
          (   0,    0) (   0,    0) (   0,    0) (   0,    0) (   0,    0) (   0,    0) (   0,    0) (   0,    0) (   0,    0) (   0,    0)
          (   0,    0) (   0,    0) (   0,    0) (   0,    0) (   0,    0) (   0,    0) (   0,    0) (   0,    0) (   0,    0) (   0,    0)
          (   0,    0) (   0,    0) (   0,    0) (   0,    0) (   0,    0) (   0,    0) (   0,    0) (   0,    0) (   0,    0) (   0,    0)
          (   0,    0) (   0,    0) (   0,    0) (   0,    0) (   0,    0) (   0,    0) (   0,    0) (   0,    0) (   0,    0) (   0,    0)
          (   0,    0) (   0,    0) (   0,    0) (   0,    0) (   0,    0) (   0,    0) (   0,    0) (   0,    0) (   0,    0) (   0,    0)
          (   0,    0) (   0,    0) (   0,    0) (   0,    0) (   0,    0) (   0,    0) (   0,    0) (   0,    0) (   0,    0) (   0,    0)
          (   0,    0) (   0,    0) (   0,    0) (   0,    0) (   0,    0) (   0,    0) (   0,    0) (   0,    0) (   0,    0) (   0,    0)
          (   0,    0) (   0,    0) (   0,    0) (   0,    0) (   0,    0) (   0,    0) (   0,    0) (   0,    0) (   0,    0) (   0,    0)
          (   0,    0) (   0,    0) (   0,    0) (   0,    0) (   0,    0) (   0,    0) (   0,    0) (   0,    0) (   0,    0) (   0,    0)
          (   0,    0) (   0,    0) (   0,    0) (   0,    0) (   0,    0) (   0,    0) (   0,    0) (   0,    0) (   0,    0) (   0,    0)
          (   0,    0) (   0,    0) (   0,    0) (   0,    0) (   0,    0) (   0,    0) (   0,    0) (   0,    0) (   0,    0) (   0,    0)
          (   0,    0) (   0,    0) (   0,    0) (   0,    0) (   0,    0) (   0,    0) (   0,    0) (   0,    0) (   0,    0) (   0,    0)
          (   0,    0) (   0,    0) (   0,    0) (   0,    0) (   0,    0) (   0,    0) (   0,    0) (   0,    0) (   0,    0) (   0,    0)
          (   0,    0) (   0,    0) (   0,    0) (   0,    0) (   0,    0) (   0,    0) (   0,    0) (   0,    0) (   0,    0) (   0,    0)
          (   0,    0) (   0,    0) (   0,    0) (   0,    0) (   0,    0) (   0,    0) (   0,    0) (   0,    0) (   0,    0) (   0,    0)
          (   0,    0) (   0,    0) (   0,    0) (   0,    0) (   0,    0) (   0,    0) (   0,    0) (   0,    0) (   0,    0) (   0,    0)
          (   0,    0) (   0,    0) (   0,    0) (   0,    0) (   0,    0) (   0,    0) (   0,    0) (   0,    0) (   0,    0) (   0,    0)
          (   0,    0) (   0,    0) (   0,    0) (   0,    0) (   0,    0) (   0,    0) (   0,    0) (   0,    0) (   0,    0) (   0,    0)
          (   0,    0) (   0,    0) (   0,    0) (   0,    0) (   0,    0) (   0,    0) (   0,    0) (   0,    0) (   0,    0) (   0,    0)
          (   0,    0) (   0,    0) (   0,    0) (   0,    0) (   0,    0) (   0,    0) (   0,    0) (   0,    0) (   0,    0) (   0,    0)
          (   0,    0) (   0,    0) (   0,    0) (   0,    0) (   0,    0) (   0,    0) (   0,    0) (   0,    0) (   0,    0) (   0,    0)
          (   0,    0) (   0,    0) (   0,    0) (   0,    0) (   0,    0) (   0,    0) (   0,    0) (   0,    0) (   0,    0) (   0,    0)
          (   0,    0) (   0,    0) (   0,    0) (   0,    0) (   0,    0) (   0,    0) (   0,    0) (   0,    0) (   0,    0) (   0,    0)
          (   0,    0) (   0,    0) (   0,    0) (   0,    0) (   0,    0) (   0,    0) (   0,    0) (   0,    0) (   0,    0) (   0,    0)
          (   0,    0) (   0,    0) (   0,    0) (   0,    0) (   0,    0) (   0,    0) (   0,    0) (   0,    0) (   0,    0) (   0,    0)
          (   0,    0) (   0,    0) (   0,    0) (   0,    0) (   0,    0) (   0,    0) (   0,    0) (   0,    0) (   0,    0) (   0,    0)
          (   0,    0) (   0,    0) (   0,    0) (   0,    0) (   0,    0) (   0,    0) (   0,    0) (   0,    0) (   0,    0) (   0,    0)
          (   0,    0) (   0,    0) (   0,    0) (   0,    0) (   0,    0) (   0,    0) (   0,    0) (   0,    0) (   0,    0) (   0,    0)
          (   0,    0) (   0,    0) (   0,    0) (   0,    0) (   0,    0) (   0,    0) (   0,    0) (   0,    0) (   0,    0) (   0,    0)
          (   0,    0) (   0,    0) (   0,    0) (   0,    0) (   0,    0) (   0,    0) (   0,    0) (   0,    0) (   0,    0) (   0,    0)
          (   0,    0) (   0,    0) (   0,    0) (   0,    0) (   0,    0) (   0,    0) (   0,    0) (   0,    0) (   0,    0) (   0,    0)
          (   0,    0) (   0,    0) (   0,    0) (   0,    0) (   0,    0) (   0,    0) (   0,    0) (   0,    0) (   0,    0) (   0,    0)
          (   0,    0) (   0,    0) (   0,    0) (   0,    0) (   0,    0) (   0,    0) (   0,    0) (   0,    0) (   0,    0) (   0,    0)
          (   0,    0) (   0,    0) (   0,    0) (   0,    0) (   0,    0) (   0,    0) (   0,    0) (   0,    0) (   0,    0) (   0,    0)
          (   0,    0) (   0,    0) (   0,    0) (   0,    0) (   0,    0) (   0,    0) (   0,    0) (   0,    0) (   0,    0) (   0,    0)
          (   0,    0) (   0,    0) (   0,    0) (   0,    0) (   0,    0) (   0,    0) (   0,    0) (   0,    0) (   0,    0) (   0,    0)
          (   0,    0) (   0,    0) (   0,    0) (   0,    0) (   0,    0) (   0,    0) (   0,    0) (   0,    0) (   0,    0) (   0,    0)
          (   0,    0) (   0,    0) (   0,    0) (   0,    0) (   0,    0) (   0,    0) (   0,    0) (   0,    0) (   0,    0) (   0,    0)
          (   0,    0) (   0,    0) (   0,    0) (   0,    0) (   0,    0) (   0,    0) (   0,    0) (   0,    0) (   0,    0) (   0,    0)
          (   0,    0) (   0,    0) (   0,    0) (   0,    0) (   0,    0) (   0,    0) (   0,    0) (   0,    0) (   0,    0) (   0,    0)
          (   0,    0) (   0,    0) (   0,    0) (   0,    0) (   0,    0) (   0,    0) (   0,    0) (   0,    0) (   0,    0) (   0,    0)
          (   0,    0) (   0,    0) (   0,    0) (   0,    0) (   0,    0) (   0,    0) (   0,    0) (   0,    0) (   0,    0) (   0,    0)
          (   0,    0) (   0,    0) (   0,    0) (   0,    0) (   0,    0) (   0,    0) (   0,    0) (   0,    0) (   0,    0) (   0,    0)
          (   0,    0) (   0,    0) (   0,    0) (   0,    0) (   0,    0) (   0,    0) (   0,    0) (   0,    0) (   0,    0) (   0,    0)
          (   0,    0) (   0,    0) (   0,    0) (   0,    0) (   0,    0) (   0,    0) (   0,    0) (   0,    0) (   0,    0) (   0,    0)
          (   0,    0) (   0,    0) (   0,    0) (   0,    0) (   0,    0) (   0,    0) (   0,    0) (   0,    0) (   0,    0) (   0,    0)
          (   0,    0) (   0,    0) (   0,    0) (   0,    0) (   0,    0) (   0,    0) (   0,    0) (   0,    0) (   0,    0) (   0,    0)
         
node   3 sent_total    203  recv_total    201

node   4  (   1,    0) (   0,    0) (   1,    1) (   1,    0) (   3,    3) (   2,    2) (   2,    2) (   1,    1) (   3,    3) (   1,    1)
          (   6,    6) (   3,    3) (   3,    3) (   1,    1) (   3,    3) (   2,    2) (   3,    3) (   2,    2) (   2,    2) (   1,    1)
          (   2,    2) (   3,    3) (   1,    1) (   2,    2) (   1,    1) (   1,    1) (   2,    2) (   1,    1) (   1,    1) (   2,    2)
          (   2,    2) (   2,    2) (   2,    2) (   2,    2) (   1,    1) (   3,    3) (   1,    1) (   2,    2) (   1,    1) (   2,    2)
          (   2,    2) (   2,    2) (   1,    1) (   2,    2) (   2,    2) (   2,    2) (   1,    1) (   1,    1) (   1,    1) (   1,    1)
          (   2,    2) (   2,    2) (   2,    2) (   1,    1) (   3,    3) (   2,    2) (   1,    1) (   2,    2) (   1,    1) (   3,    3)
          (   3,    3) (   2,    2) (   1,    1) (   1,    1) (   3,    3) (   3,    3) (   4,    4) (   2,    2) (   1,    1) (   2,    2)
          (   1,    1) (   3,    3) (   1,    1) (   1,    1) (   3,    3) (   1,    1) (   2,    2) (   3,    3) (   2,    2) (   2,    2)
          (   3,    3) (   4,    4) (   1,    1) (   3,    3) (   1,    1) (   3,    3) (   2,    2) (   4,    4) (   1,    1) (   3,    3)
          (   2,    2) (   3,    3) (   1,    1) (   2,    2) (   3,    3) (   2,    2) (   2,    2) (   2,    2) (   1,    1) (   2,    2)
          (   2,    2) (   0,    0) (   0,    0) (   0,    0) (   0,    0) (   0,    0) (   0,    0) (   0,    0) (   0,    0) (   0,    0)
          (   0,    0) (   0,    0) (   0,    0) (   0,    0) (   0,    0) (   0,    0) (   0,    0) (   0,    0) (   0,    0) (   0,    0)
          (   0,    0) (   0,    0) (   0,    0) (   0,    0) (   0,    0) (   0,    0) (   0,    0) (   0,    0) (   0,    0) (   0,    0)
          (   0,    0) (   0,    0) (   0,    0) (   0,    0) (   0,    0) (   0,    0) (   0,    0) (   0,    0) (   0,    0) (   0,    0)
          (   0,    0) (   0,    0) (   0,    0) (   0,    0) (   0,    0) (   0,    0) (   0,    0) (   0,    0) (   0,    0) (   0,    0)
          (   0,    0) (   0,    0) (   0,    0) (   0,    0) (   0,    0) (   0,    0) (   0,    0) (   0,    0) (   0,    0) (   0,    0)
          (   0,    0) (   0,    0) (   0,    0) (   0,    0) (   0,    0) (   0,    0) (   0,    0) (   0,    0) (   0,    0) (   0,    0)
          (   0,    0) (   0,    0) (   0,    0) (   0,    0) (   0,    0) (   0,    0) (   0,    0) (   0,    0) (   0,    0) (   0,    0)
          (   0,    0) (   0,    0) (   0,    0) (   0,    0) (   0,    0) (   0,    0) (   0,    0) (   0,    0) (   0,    0) (   0,    0)
          (   0,    0) (   0,    0) (   0,    0) (   0,    0) (   0,    0) (   0,    0) (   0,    0) (   0,    0) (   0,    0) (   0,    0)
          (   0,    0) (   0,    0) (   0,    0) (   0,    0) (   0,    0) (   0,    0) (   0,    0) (   0,    0) (   0,    0) (   0,    0)
          (   0,    0) (   0,    0) (   0,    0) (   0,    0) (   0,    0) (   0,    0) (   0,    0) (   0,    0) (   0,    0) (   0,    0)
          (   0,    0) (   0,    0) (   0,    0) (   0,    0) (   0,    0) (   0,    0) (   0,    0) (   0,    0) (   0,    0) (   0,    0)
          (   0,    0) (   0,    0) (   0,    0) (   0,    0) (   0,    0) (   0,    0) (   0,    0) (   0,    0) (   0,    0) (   0,    0)
          (   0,    0) (   0,    0) (   0,    0) (   0,    0) (   0,    0) (   0,    0) (   0,    0) (   0,    0) (   0,    0) (   0,    0)
          (   0,    0) (   0,    0) (   0,    0) (   0,    0) (   0,    0) (   0,    0) (   0,    0) (   0,    0) (   0,    0) (   0,    0)
          (   0,    0) (   0,    0) (   0,    0) (   0,    0) (   0,    0) (   0,    0) (   0,    0) (   0,    0) (   0,    0) (   0,    0)
          (   0,    0) (   0,    0) (   0,    0) (   0,    0) (   0,    0) (   0,    0) (   0,    0) (   0,    0) (   0,    0) (   0,    0)
          (   0,    0) (   0,    0) (   0,    0) (   0,    0) (   0,    0) (   0,    0) (   0,    0) (   0,    0) (   0,    0) (   0,    0)
          (   0,    0) (   0,    0) (   0,    0) (   0,    0) (   0,    0) (   0,    0) (   0,    0) (   0,    0) (   0,    0) (   0,    0)
          (   0,    0) (   0,    0) (   0,    0) (   0,    0) (   0,    0) (   0,    0) (   0,    0) (   0,    0) (   0,    0) (   0,    0)
          (   0,    0) (   0,    0) (   0,    0) (   0,    0) (   0,    0) (   0,    0) (   0,    0) (   0,    0) (   0,    0) (   0,    0)
          (   0,    0) (   0,    0) (   0,    0) (   0,    0) (   0,    0) (   0,    0) (   0,    0) (   0,    0) (   0,    0) (   0,    0)
          (   0,    0) (   0,    0) (   0,    0) (   0,    0) (   0,    0) (   0,    0) (   0,    0) (   0,    0) (   0,    0) (   0,    0)
          (   0,    0) (   0,    0) (   0,    0) (   0,    0) (   0,    0) (   0,    0) (   0,    0) (   0,    0) (   0,    0) (   0,    0)
          (   0,    0) (   0,    0) (   0,    0) (   0,    0) (   0,    0) (   0,    0) (   0,    0) (   0,    0) (   0,    0) (   0,    0)
          (   0,    0) (   0,    0) (   0,    0) (   0,    0) (   0,    0) (   0,    0) (   0,    0) (   0,    0) (   0,    0) (   0,    0)
          (   0,    0) (   0,    0) (   0,    0) (   0,    0) (   0,    0) (   0,    0) (   0,    0) (   0,    0) (   0,    0) (   0,    0)
          (   0,    0) (   0,    0) (   0,    0) (   0,    0) (   0,    0) (   0,    0) (   0,    0) (   0,    0) (   0,    0) (   0,    0)
          (   0,    0) (   0,    0) (   0,    0) (   0,    0) (   0,    0) (   0,    0) (   0,    0) (   0,    0) (   0,    0) (   0,    0)
          (   0,    0) (   0,    0) (   0,    0) (   0,    0) (   0,    0) (   0,    0) (   0,    0) (   0,    0) (   0,    0) (   0,    0)
          (   0,    0) (   0,    0) (   0,    0) (   0,    0) (   0,    0) (   0,    0) (   0,    0) (   0,    0) (   0,    0) (   0,    0)
          (   0,    0) (   0,    0) (   0,    0) (   0,    0) (   0,    0) (   0,    0) (   0,    0) (   0,    0) (   0,    0) (   0,    0)
          (   0,    0) (   0,    0) (   0,    0) (   0,    0) (   0,    0) (   0,    0) (   0,    0) (   0,    0) (   0,    0) (   0,    0)
          (   0,    0) (   0,    0) (   0,    0) (   0,    0) (   0,    0) (   0,    0) (   0,    0) (   0,    0) (   0,    0) (   0,    0)
          (   0,    0) (   0,    0) (   0,    0) (   0,    0) (   0,    0) (   0,    0) (   0,    0) (   0,    0) (   0,    0) (   0,    0)
          (   0,    0) (   0,    0) (   0,    0) (   0,    0) (   0,    0) (   0,    0) (   0,    0) (   0,    0) (   0,    0) (   0,    0)
          (   0,    0) (   0,    0) (   0,    0) (   0,    0) (   0,    0) (   0,    0) (   0,    0) (   0,    0) (   0,    0) (   0,    0)
          (   0,    0) (   0,    0) (   0,    0) (   0,    0) (   0,    0) (   0,    0) (   0,    0) (   0,    0) (   0,    0) (   0,    0)
          (   0,    0) (   0,    0) (   0,    0) (   0,    0) (   0,    0) (   0,    0) (   0,    0) (   0,    0) (   0,    0) (   0,    0)
          (   0,    0) (   0,    0) (   0,    0) (   0,    0) (   0,    0) (   0,    0) (   0,    0) (   0,    0) (   0,    0) (   0,    0)
          (   0,    0) (   0,    0) (   0,    0) (   0,    0) (   0,    0) (   0,    0) (   0,    0) (   0,    0) (   0,    0) (   0,    0)
          (   0,    0) (   0,    0) (   0,    0) (   0,    0) (   0,    0) (   0,    0) (   0,    0) (   0,    0) (   0,    0) (   0,    0)
          (   0,    0) (   0,    0) (   0,    0) (   0,    0) (   0,    0) (   0,    0) (   0,    0) (   0,    0) (   0,    0) (   0,    0)
          (   0,    0) (   0,    0) (   0,    0) (   0,    0) (   0,    0) (   0,    0) (   0,    0) (   0,    0) (   0,    0) (   0,    0)
          (   0,    0) (   0,    0) (   0,    0) (   0,    0) (   0,    0) (   0,    0) (   0,    0) (   0,    0) (   0,    0) (   0,    0)
          (   0,    0) (   0,    0) (   0,    0) (   0,    0) (   0,    0) (   0,    0) (   0,    0) (   0,    0) (   0,    0) (   0,    0)
          (   0,    0) (   0,    0) (   0,    0) (   0,    0) (   0,    0) (   0,    0) (   0,    0) (   0,    0) (   0,    0) (   0,    0)
          (   0,    0) (   0,    0) (   0,    0) (   0,    0) (   0,    0) (   0,    0) (   0,    0) (   0,    0) (   0,    0) (   0,    0)
          (   0,    0) (   0,    0) (   0,    0) (   0,    0) (   0,    0) (   0,    0) (   0,    0) (   0,    0) (   0,    0) (   0,    0)
          (   0,    0) (   0,    0) (   0,    0) (   0,    0) (   0,    0) (   0,    0) (   0,    0) (   0,    0) (   0,    0) (   0,    0)
          (   0,    0) (   0,    0) (   0,    0) (   0,    0) (   0,    0) (   0,    0) (   0,    0) (   0,    0) (   0,    0) (   0,    0)
          (   0,    0) (   0,    0) (   0,    0) (   0,    0) (   0,    0) (   0,    0) (   0,    0) (   0,    0) (   0,    0) (   0,    0)
          (   0,    0) (   0,    0) (   0,    0) (   0,    0) (   0,    0) (   0,    0) (   0,    0) (   0,    0) (   0,    0) (   0,    0)
          (   0,    0) (   0,    0) (   0,    0) (   0,    0) (   0,    0) (   0,    0) (   0,    0) (   0,    0) (   0,    0) (   0,    0)
          (   0,    0) (   0,    0) (   0,    0) (   0,    0) (   0,    0) (   0,    0) (   0,    0) (   0,    0) (   0,    0) (   0,    0)
          (   0,    0) (   0,    0) (   0,    0) (   0,    0) (   0,    0) (   0,    0) (   0,    0) (   0,    0) (   0,    0) (   0,    0)
          (   0,    0) (   0,    0) (   0,    0) (   0,    0) (   0,    0) (   0,    0) (   0,    0) (   0,    0) (   0,    0) (   0,    0)
          (   0,    0) (   0,    0) (   0,    0) (   0,    0) (   0,    0) (   0,    0) (   0,    0) (   0,    0) (   0,    0) (   0,    0)
          (   0,    0) (   0,    0) (   0,    0) (   0,    0) (   0,    0) (   0,    0) (   0,    0) (   0,    0) (   0,    0) (   0,    0)
         
node   4 sent_total    197  recv_total    195

node   5  (   0,    0) (   1,    0) (   0,    0) (   1,    1) (   1,    0) (   3,    3) (   2,    2) (   3,    3) (   3,    3) (   2,    2)
          (   2,    2) (   2,    2) (   2,    2) (   1,    1) (   2,    2) (   3,    3) (   3,    3) (   2,    2) (   1,    1) (   2,    2)
          (   1,    1) (   2,    2) (   2,    2) (   1,    1) (   1,    1) (   1,    1) (   3,    3) (   2,    2) (   2,    2) (   1,    1)
          (   3,    3) (   1,    1) (   2,    2) (   1,    1) (   2,    2) (   1,    1) (   1,    1) (   1,    1) (   2,    2) (   2,    2)
          (   2,    2) (   1,    1) (   2,    2) (   1,    1) (   2,    2) (   2,    2) (   2,    2) (   2,    2) (   1,    1) (   1,    1)
          (   4,    4) (   2,    2) (   3,    3) (   2,    2) (   1,    1) (   1,    1) (   1,    1) (   1,    1) (   3,    3) (   1,    1)
          (   1,    1) (   2,    2) (   1,    1) (   2,    2) (   2,    2) (   3,    3) (   2,    2) (   1,    1) (   3,    3) (   3,    3)
          (   1,    1) (   2,    2) (   2,    2) (   1,    1) (   2,    2) (   3,    3) (   2,    2) (   1,    1) (   2,    2) (   3,    3)
          (   1,    1) (   2,    2) (   3,    3) (   2,    2) (   1,    1) (   3,    3) (   2,    2) (   2,    2) (   3,    3) (   1,    1)
          (   1,    1) (   2,    2) (   1,    1) (   3,    3) (   1,    1) (   1,    1) (   1,    1) (   3,    3) (   1,    1) (   1,    1)
          (   3,    3) (   0,    0) (   0,    0) (   0,    0) (   0,    0) (   0,    0) (   0,    0) (   0,    0) (   0,    0) (   0,    0)
          (   0,    0) (   0,    0) (   0,    0) (   0,    0) (   0,    0) (   0,    0) (   0,    0) (   0,    0) (   0,    0) (   0,    0)
          (   0,    0) (   0,    0) (   0,    0) (   0,    0) (   0,    0) (   0,    0) (   0,    0) (   0,    0) (   0,    0) (   0,    0)
          (   0,    0) (   0,    0) (   0,    0) (   0,    0) (   0,    0) (   0,    0) (   0,    0) (   0,    0) (   0,    0) (   0,    0)
          (   0,    0) (   0,    0) (   0,    0) (   0,    0) (   0,    0) (   0,    0) (   0,    0) (   0,    0) (   0,    0) (   0,    0)
          (   0,    0) (   0,    0) (   0,    0) (   0,    0) (   0,    0) (   0,    0) (   0,    0) (   0,    0) (   0,    0) (   0,    0)
          (   0,    0) (   0,    0) (   0,    0) (   0,    0) (   0,    0) (   0,    0) (   0,    0) (   0,    0) (   0,    0) (   0,    0)
          (   0,    0) (   0,    0) (   0,    0) (   0,    0) (   0,    0) (   0,    0) (   0,    0) (   0,    0) (   0,    0) (   0,    0)
          (   0,    0) (   0,    0) (   0,    0) (   0,    0) (   0,    0) (   0,    0) (   0,    0) (   0,    0) (   0,    0) (   0,    0)
          (   0,    0) (   0,    0) (   0,    0) (   0,    0) (   0,    0) (   0,    0) (   0,    0) (   0,    0) (   0,    0) (   0,    0)
          (   0,    0) (   0,    0) (   0,    0) (   0,    0) (   0,    0) (   0,    0) (   0,    0) (   0,    0) (   0,    0) (   0,    0)
          (   0,    0) (   0,    0) (   0,    0) (   0,    0) (   0,    0) (   0,    0) (   0,    0) (   0,    0) (   0,    0) (   0,    0)
          (   0,    0) (   0,    0) (   0,    0) (   0,    0) (   0,    0) (   0,    0) (   0,    0) (   0,    0) (   0,    0) (   0,    0)
          (   0,    0) (   0,    0) (   0,    0) (   0,    0) (   0,    0) (   0,    0) (   0,    0) (   0,    0) (   0,    0) (   0,    0)
          (   0,    0) (   0,    0) (   0,    0) (   0,    0) (   0,    0) (   0,    0) (   0,    0) (   0,    0) (   0,    0) (   0,    0)
          (   0,    0) (   0,    0) (   0,    0) (   0,    0) (   0,    0) (   0,    0) (   0,    0) (   0,    0) (   0,    0) (   0,    0)
          (   0,    0) (   0,    0) (   0,    0) (   0,    0) (   0,    0) (   0,    0) (   0,    0) (   0,    0) (   0,    0) (   0,    0)
          (   0,    0) (   0,    0) (   0,    0) (   0,    0) (   0,    0) (   0,    0) (   0,    0) (   0,    0) (   0,    0) (   0,    0)
          (   0,    0) (   0,    0) (   0,    0) (   0,    0) (   0,    0) (   0,    0) (   0,    0) (   0,    0) (   0,    0) (   0,    0)
          (   0,    0) (   0,    0) (   0,    0) (   0,    0) (   0,    0) (   0,    0) (   0,    0) (   0,    0) (   0,    0) (   0,    0)
          (   0,    0) (   0,    0) (   0,    0) (   0,    0) (   0,    0) (   0,    0) (   0,    0) (   0,    0) (   0,    0) (   0,    0)
          (   0,    0) (   0,    0) (   0,    0) (   0,    0) (   0,    0) (   0,    0) (   0,    0) (   0,    0) (   0,    0) (   0,    0)
          (   0,    0) (   0,    0) (   0,    0) (   0,    0) (   0,    0) (   0,    0) (   0,    0) (   0,    0) (   0,    0) (   0,    0)
          (   0,    0) (   0,    0) (   0,    0) (   0,    0) (   0,    0) (   0,    0) (   0,    0) (   0,    0) (   0,    0) (   0,    0)
          (   0,    0) (   0,    0) (   0,    0) (   0,    0) (   0,    0) (   0,    0) (   0,    0) (   0,    0) (   0,    0) (   0,    0)
          (   0,    0) (   0,    0) (   0,    0) (   0,    0) (   0,    0) (   0,    0) (   0,    0) (   0,    0) (   0,    0) (   0,    0)
          (   0,    0) (   0,    0) (   0,    0) (   0,    0) (   0,    0) (   0,    0) (   0,    0) (   0,    0) (   0,    0) (   0,    0)
          (   0,    0) (   0,    0) (   0,    0) (   0,    0) (   0,    0) (   0,    0) (   0,    0) (   0,    0) (   0,    0) (   0,    0)
          (   0,    0) (   0,    0) (   0,    0) (   0,    0) (   0,    0) (   0,    0) (   0,    0) (   0,    0) (   0,    0) (   0,    0)
          (   0,    0) (   0,    0) (   0,    0) (   0,    0) (   0,    0) (   0,    0) (   0,    0) (   0,    0) (   0,    0) (   0,    0)
          (   0,    0) (   0,    0) (   0,    0) (   0,    0) (   0,    0) (   0,    0) (   0,    0) (   0,    0) (   0,    0) (   0,    0)
          (   0,    0) (   0,    0) (   0,    0) (   0,    0) (   0,    0) (   0,    0) (   0,    0) (   0,    0) (   0,    0) (   0,    0)
          (   0,    0) (   0,    0) (   0,    0) (   0,    0) (   0,    0) (   0,    0) (   0,    0) (   0,    0) (   0,    0) (   0,    0)
          (   0,    0) (   0,    0) (   0,    0) (   0,    0) (   0,    0) (   0,    0) (   0,    0) (   0,    0) (   0,    0) (   0,    0)
          (   0,    0) (   0,    0) (   0,    0) (   0,    0) (   0,    0) (   0,    0) (   0,    0) (   0,    0) (   0,    0) (   0,    0)
          (   0,    0) (   0,    0) (   0,    0) (   0,    0) (   0,    0) (   0,    0) (   0,    0) (   0,    0) (   0,    0) (   0,    0)
          (   0,    0) (   0,    0) (   0,    0) (   0,    0) (   0,    0) (   0,    0) (   0,    0) (   0,    0) (   0,    0) (   0,    0)
          (   0,    0) (   0,    0) (   0,    0) (   0,    0) (   0,    0) (   0,    0) (   0,    0) (   0,    0) (   0,    0) (   0,    0)
          (   0,    0) (   0,    0) (   0,    0) (   0,    0) (   0,    0) (   0,    0) (   0,    0) (   0,    0) (   0,    0) (   0,    0)
          (   0,    0) (   0,    0) (   0,    0) (   0,    0) (   0,    0) (   0,    0) (   0,    0) (   0,    0) (   0,    0) (   0,    0)
          (   0,    0) (   0,    0) (   0,    0) (   0,    0) (   0,    0) (   0,    0) (   0,    0) (   0,    0) (   0,    0) (   0,    0)
          (   0,    0) (   0,    0) (   0,    0) (   0,    0) (   0,    0) (   0,    0) (   0,    0) (   0,    0) (   0,    0) (   0,    0)
          (   0,    0) (   0,    0) (   0,    0) (   0,    0) (   0,    0) (   0,    0) (   0,    0) (   0,    0) (   0,    0) (   0,    0)
          (   0,    0) (   0,    0) (   0,    0) (   0,    0) (   0,    0) (   0,    0) (   0,    0) (   0,    0) (   0,    0) (   0,    0)
          (   0,    0) (   0,    0) (   0,    0) (   0,    0) (   0,    0) (   0,    0) (   0,    0) (   0,    0) (   0,    0) (   0,    0)
          (   0,    0) (   0,    0) (   0,    0) (   0,    0) (   0,    0) (   0,    0) (   0,    0) (   0,    0) (   0,    0) (   0,    0)
          (   0,    0) (   0,    0) (   0,    0) (   0,    0) (   0,    0) (   0,    0) (   0,    0) (   0,    0) (   0,    0) (   0,    0)
          (   0,    0) (   0,    0) (   0,    0) (   0,    0) (   0,    0) (   0,    0) (   0,    0) (   0,    0) (   0,    0) (   0,    0)
          (   0,    0) (   0,    0) (   0,    0) (   0,    0) (   0,    0) (   0,    0) (   0,    0) (   0,    0) (   0,    0) (   0,    0)
          (   0,    0) (   0,    0) (   0,    0) (   0,    0) (   0,    0) (   0,    0) (   0,    0) (   0,    0) (   0,    0) (   0,    0)
          (   0,    0) (   0,    0) (   0,    0) (   0,    0) (   0,    0) (   0,    0) (   0,    0) (   0,    0) (   0,    0) (   0,    0)
          (   0,    0) (   0,    0) (   0,    0) (   0,    0) (   0,    0) (   0,    0) (   0,    0) (   0,    0) (   0,    0) (   0,    0)
          (   0,    0) (   0,    0) (   0,    0) (   0,    0) (   0,    0) (   0,    0) (   0,    0) (   0,    0) (   0,    0) (   0,    0)
          (   0,    0) (   0,    0) (   0,    0) (   0,    0) (   0,    0) (   0,    0) (   0,    0) (   0,    0) (   0,    0) (   0,    0)
          (   0,    0) (   0,    0) (   0,    0) (   0,    0) (   0,    0) (   0,    0) (   0,    0) (   0,    0) (   0,    0) (   0,    0)
          (   0,    0) (   0,    0) (   0,    0) (   0,    0) (   0,    0) (   0,    0) (   0,    0) (   0,    0) (   0,    0) (   0,    0)
          (   0,    0) (   0,    0) (   0,    0) (   0,    0) (   0,    0) (   0,    0) (   0,    0) (   0,    0) (   0,    0) (   0,    0)
          (   0,    0) (   0,    0) (   0,    0) (   0,    0) (   0,    0) (   0,    0) (   0,    0) (   0,    0) (   0,    0) (   0,    0)
          (   0,    0) (   0,    0) (   0,    0) (   0,    0) (   0,    0) (   0,    0) (   0,    0) (   0,    0) (   0,    0) (   0,    0)
          (   0,    0) (   0,    0) (   0,    0) (   0,    0) (   0,    0) (   0,    0) (   0,    0) (   0,    0) (   0,    0) (   0,    0)
         
node   5 sent_total    180  recv_total    178

node   6  (   0,    0) (   1,    0) (   0,    0) (   1,    1) (   1,    0) (   1,    1) (   1,    1) (   2,    2) (   2,    2) (   2,    2)
          (   1,    1) (   1,    1) (   2,    2) (   2,    2) (   3,    3) (   1,    1) (   1,    1) (   4,    4) (   2,    2) (   4,    4)
          (   1,    1) (   2,    2) (   3,    3) (   2,    2) (   4,    4) (   3,    3) (   1,    1) (   2,    2) (   2,    2) (   2,    2)
          (   2,    2) (   2,    2) (   1,    1) (   2,    2) (   2,    2) (   2,    2) (   1,    1) (   1,    1) (   1,    1) (   1,    1)
          (   2,    2) (   3,    3) (   3,    3) (   3,    3) (   2,    2) (   2,    2) (   1,    1) (   1,    1) (   3,    3) (   2,    2)
          (   3,    3) (   1,    1) (   1,    1) (   3,    3) (   1,    1) (   3,    3) (   2,    2) (   2,    2) (   1,    1) (   2,    2)
          (   2,    2) (   3,    3) (   1,    1) (   3,    3) (   1,    1) (   2,    2) (   2,    2) (   1,    1) (   1,    1) (   2,    2)
          (   1,    1) (   1,    1) (   2,    2) (   2,    2) (   2,    2) (   1,    1) (   3,    3) (   1,    1) (   1,    1) (   2,    2)
          (   1,    1) (   1,    1) (   3,    3) (   2,    2) (   1,    1) (   1,    1) (   4,    4) (   2,    2) (   1,    1) (   3,    3)
          (   2,    2) (   2,    2) (   2,    2) (   3,    3) (   2,    2) (   1,    1) (   1,    1) (   2,    2) (   2,    2) (   1,    1)
          (   1,    1) (   0,    0) (   0,    0) (   0,    0) (   0,    0) (   0,    0) (   0,    0) (   0,    0) (   0,    0) (   0,    0)
          (   0,    0) (   0,    0) (   0,    0) (   0,    0) (   0,    0) (   0,    0) (   0,    0) (   0,    0) (   0,    0) (   0,    0)
          (   0,    0) (   0,    0) (   0,    0) (   0,    0) (   0,    0) (   0,    0) (   0,    0) (   0,    0) (   0,    0) (   0,    0)
          (   0,    0) (   0,    0) (   0,    0) (   0,    0) (   0,    0) (   0,    0) (   0,    0) (   0,    0) (   0,    0) (   0,    0)
          (   0,    0) (   0,    0) (   0,    0) (   0,    0) (   0,    0) (   0,    0) (   0,    0) (   0,    0) (   0,    0) (   0,    0)
          (   0,    0) (   0,    0) (   0,    0) (   0,    0) (   0,    0) (   0,    0) (   0,    0) (   0,    0) (   0,    0) (   0,    0)
          (   0,    0) (   0,    0) (   0,    0) (   0,    0) (   0,    0) (   0,    0) (   0,    0) (   0,    0) (   0,    0) (   0,    0)
          (   0,    0) (   0,    0) (   0,    0) (   0,    0) (   0,    0) (   0,    0) (   0,    0) (   0,    0) (   0,    0) (   0,    0)
          (   0,    0) (   0,    0) (   0,    0) (   0,    0) (   0,    0) (   0,    0) (   0,    0) (   0,    0) (   0,    0) (   0,    0)
          (   0,    0) (   0,    0) (   0,    0) (   0,    0) (   0,    0) (   0,    0) (   0,    0) (   0,    0) (   0,    0) (   0,    0)
          (   0,    0) (   0,    0) (   0,    0) (   0,    0) (   0,    0) (   0,    0) (   0,    0) (   0,    0) (   0,    0) (   0,    0)
          (   0,    0) (   0,    0) (   0,    0) (   0,    0) (   0,    0) (   0,    0) (   0,    0) (   0,    0) (   0,    0) (   0,    0)
          (   0,    0) (   0,    0) (   0,    0) (   0,    0) (   0,    0) (   0,    0) (   0,    0) (   0,    0) (   0,    0) (   0,    0)
          (   0,    0) (   0,    0) (   0,    0) (   0,    0) (   0,    0) (   0,    0) (   0,    0) (   0,    0) (   0,    0) (   0,    0)
          (   0,    0) (   0,    0) (   0,    0) (   0,    0) (   0,    0) (   0,    0) (   0,    0) (   0,    0) (   0,    0) (   0,    0)
          (   0,    0) (   0,    0) (   0,    0) (   0,    0) (   0,    0) (   0,    0) (   0,    0) (   0,    0) (   0,    0) (   0,    0)
          (   0,    0) (   0,    0) (   0,    0) (   0,    0) (   0,    0) (   0,    0) (   0,    0) (   0,    0) (   0,    0) (   0,    0)
          (   0,    0) (   0,    0) (   0,    0) (   0,    0) (   0,    0) (   0,    0) (   0,    0) (   0,    0) (   0,    0) (   0,    0)
          (   0,    0) (   0,    0) (   0,    0) (   0,    0) (   0,    0) (   0,    0) (   0,    0) (   0,    0) (   0,    0) (   0,    0)
          (   0,    0) (   0,    0) (   0,    0) (   0,    0) (   0,    0) (   0,    0) (   0,    0) (   0,    0) (   0,    0) (   0,    0)
          (   0,    0) (   0,    0) (   0,    0) (   0,    0) (   0,    0) (   0,    0) (   0,    0) (   0,    0) (   0,    0) (   0,    0)
          (   0,    0) (   0,    0) (   0,    0) (   0,    0) (   0,    0) (   0,    0) (   0,    0) (   0,    0) (   0,    0) (   0,    0)
          (   0,    0) (   0,    0) (   0,    0) (   0,    0) (   0,    0) (   0,    0) (   0,    0) (   0,    0) (   0,    0) (   0,    0)
          (   0,    0) (   0,    0) (   0,    0) (   0,    0) (   0,    0) (   0,    0) (   0,    0) (   0,    0) (   0,    0) (   0,    0)
          (   0,    0) (   0,    0) (   0,    0) (   0,    0) (   0,    0) (   0,    0) (   0,    0) (   0,    0) (   0,    0) (   0,    0)
          (   0,    0) (   0,    0) (   0,    0) (   0,    0) (   0,    0) (   0,    0) (   0,    0) (   0,    0) (   0,    0) (   0,    0)
          (   0,    0) (   0,    0) (   0,    0) (   0,    0) (   0,    0) (   0,    0) (   0,    0) (   0,    0) (   0,    0) (   0,    0)
          (   0,    0) (   0,    0) (   0,    0) (   0,    0) (   0,    0) (   0,    0) (   0,    0) (   0,    0) (   0,    0) (   0,    0)
          (   0,    0) (   0,    0) (   0,    0) (   0,    0) (   0,    0) (   0,    0) (   0,    0) (   0,    0) (   0,    0) (   0,    0)
          (   0,    0) (   0,    0) (   0,    0) (   0,    0) (   0,    0) (   0,    0) (   0,    0) (   0,    0) (   0,    0) (   0,    0)
          (   0,    0) (   0,    0) (   0,    0) (   0,    0) (   0,    0) (   0,    0) (   0,    0) (   0,    0) (   0,    0) (   0,    0)
          (   0,    0) (   0,    0) (   0,    0) (   0,    0) (   0,    0) (   0,    0) (   0,    0) (   0,    0) (   0,    0) (   0,    0)
          (   0,    0) (   0,    0) (   0,    0) (   0,    0) (   0,    0) (   0,    0) (   0,    0) (   0,    0) (   0,    0) (   0,    0)
          (   0,    0) (   0,    0) (   0,    0) (   0,    0) (   0,    0) (   0,    0) (   0,    0) (   0,    0) (   0,    0) (   0,    0)
          (   0,    0) (   0,    0) (   0,    0) (   0,    0) (   0,    0) (   0,    0) (   0,    0) (   0,    0) (   0,    0) (   0,    0)
          (   0,    0) (   0,    0) (   0,    0) (   0,    0) (   0,    0) (   0,    0) (   0,    0) (   0,    0) (   0,    0) (   0,    0)
          (   0,    0) (   0,    0) (   0,    0) (   0,    0) (   0,    0) (   0,    0) (   0,    0) (   0,    0) (   0,    0) (   0,    0)
          (   0,    0) (   0,    0) (   0,    0) (   0,    0) (   0,    0) (   0,    0) (   0,    0) (   0,    0) (   0,    0) (   0,    0)
          (   0,    0) (   0,    0) (   0,    0) (   0,    0) (   0,    0) (   0,    0) (   0,    0) (   0,    0) (   0,    0) (   0,    0)
          (   0,    0) (   0,    0) (   0,    0) (   0,    0) (   0,    0) (   0,    0) (   0,    0) (   0,    0) (   0,    0) (   0,    0)
          (   0,    0) (   0,    0) (   0,    0) (   0,    0) (   0,    0) (   0,    0) (   0,    0) (   0,    0) (   0,    0) (   0,    0)
          (   0,    0) (   0,    0) (   0,    0) (   0,    0) (   0,    0) (   0,    0) (   0,    0) (   0,    0) (   0,    0) (   0,    0)
          (   0,    0) (   0,    0) (   0,    0) (   0,    0) (   0,    0) (   0,    0) (   0,    0) (   0,    0) (   0,    0) (   0,    0)
          (   0,    0) (   0,    0) (   0,    0) (   0,    0) (   0,    0) (   0,    0) (   0,    0) (   0,    0) (   0,    0) (   0,    0)
          (   0,    0) (   0,    0) (   0,    0) (   0,    0) (   0,    0) (   0,    0) (   0,    0) (   0,    0) (   0,    0) (   0,    0)
          (   0,    0) (   0,    0) (   0,    0) (   0,    0) (   0,    0) (   0,    0) (   0,    0) (   0,    0) (   0,    0) (   0,    0)
          (   0,    0) (   0,    0) (   0,    0) (   0,    0) (   0,    0) (   0,    0) (   0,    0) (   0,    0) (   0,    0) (   0,    0)
          (   0,    0) (   0,    0) (   0,    0) (   0,    0) (   0,    0) (   0,    0) (   0,    0) (   0,    0) (   0,    0) (   0,    0)
          (   0,    0) (   0,    0) (   0,    0) (   0,    0) (   0,    0) (   0,    0) (   0,    0) (   0,    0) (   0,    0) (   0,    0)
          (   0,    0) (   0,    0) (   0,    0) (   0,    0) (   0,    0) (   0,    0) (   0,    0) (   0,    0) (   0,    0) (   0,    0)
          (   0,    0) (   0,    0) (   0,    0) (   0,    0) (   0,    0) (   0,    0) (   0,    0) (   0,    0) (   0,    0) (   0,    0)
          (   0,    0) (   0,    0) (   0,    0) (   0,    0) (   0,    0) (   0,    0) (   0,    0) (   0,    0) (   0,    0) (   0,    0)
          (   0,    0) (   0,    0) (   0,    0) (   0,    0) (   0,    0) (   0,    0) (   0,    0) (   0,    0) (   0,    0) (   0,    0)
          (   0,    0) (   0,    0) (   0,    0) (   0,    0) (   0,    0) (   0,    0) (   0,    0) (   0,    0) (   0,    0) (   0,    0)
          (   0,    0) (   0,    0) (   0,    0) (   0,    0) (   0,    0) (   0,    0) (   0,    0) (   0,    0) (   0,    0) (   0,    0)
          (   0,    0) (   0,    0) (   0,    0) (   0,    0) (   0,    0) (   0,    0) (   0,    0) (   0,    0) (   0,    0) (   0,    0)
          (   0,    0) (   0,    0) (   0,    0) (   0,    0) (   0,    0) (   0,    0) (   0,    0) (   0,    0) (   0,    0) (   0,    0)
          (   0,    0) (   0,    0) (   0,    0) (   0,    0) (   0,    0) (   0,    0) (   0,    0) (   0,    0) (   0,    0) (   0,    0)
          (   0,    0) (   0,    0) (   0,    0) (   0,    0) (   0,    0) (   0,    0) (   0,    0) (   0,    0) (   0,    0) (   0,    0)
          (   0,    0) (   0,    0) (   0,    0) (   0,    0) (   0,    0) (   0,    0) (   0,    0) (   0,    0) (   0,    0) (   0,    0)
         
node   6 sent_total    182  recv_total    180

node   7  (   0,    0) (   1,    0) (   0,    0) (   1,    1) (   2,    1) (   2,    2) (   2,    2) (   2,    2) (   4,    4) (   2,    2)
          (   2,    2) (   1,    1) (   1,    1) (   3,    3) (   2,    2) (   2,    2) (   1,    1) (   1,    1) (   1,    1) (   2,    2)
          (   3,    3) (   3,    3) (   1,    1) (   2,    2) (   2,    2) (   2,    2) (   1,    1) (   4,    4) (   2,    2) (   2,    2)
          (   1,    1) (   1,    1) (   2,    2) (   1,    1) (   3,    3) (   1,    1) (   3,    3) (   2,    2) (   2,    2) (   2,    2)
          (   2,    2) (   2,    2) (   1,    1) (   2,    2) (   2,    2) (   3,    3) (   1,    1) (   2,    2) (   3,    3) (   2,    2)
          (   1,    1) (   1,    1) (   1,    1) (   1,    1) (   1,    1) (   2,    2) (   2,    2) (   1,    1) (   1,    1) (   2,    2)
          (   1,    1) (   2,    2) (   4,    4) (   2,    2) (   2,    2) (   1,    1) (   2,    2) (   3,    3) (   3,    3) (   1,    1)
          (   4,    4) (   1,    1) (   1,    1) (   3,    3) (   1,    1) (   2,    2) (   1,    1) (   1,    1) (   4,    4) (   2,    2)
          (   1,    1) (   1,    1) (   1,    1) (   2,    2) (   2,    2) (   2,    2) (   1,    1) (   2,    2) (   3,    3) (   2,    2)
          (   1,    1) (   2,    2) (   3,    3) (   2,    2) (   2,    2) (   1,    1) (   4,    4) (   4,    4) (   1,    1) (   3,    3)
          (   4,    4) (   0,    0) (   0,    0) (   0,    0) (   0,    0) (   0,    0) (   0,    0) (   0,    0) (   0,    0) (   0,    0)
          (   0,    0) (   0,    0) (   0,    0) (   0,    0) (   0,    0) (   0,    0) (   0,    0) (   0,    0) (   0,    0) (   0,    0)
          (   0,    0) (   0,    0) (   0,    0) (   0,    0) (   0,    0) (   0,    0) (   0,    0) (   0,    0) (   0,    0) (   0,    0)
          (   0,    0) (   0,    0) (   0,    0) (   0,    0) (   0,    0) (   0,    0) (   0,    0) (   0,    0) (   0,    0) (   0,    0)
          (   0,    0) (   0,    0) (   0,    0) (   0,    0) (   0,    0) (   0,    0) (   0,    0) (   0,    0) (   0,    0) (   0,    0)
          (   0,    0) (   0,    0) (   0,    0) (   0,    0) (   0,    0) (   0,    0) (   0,    0) (   0,    0) (   0,    0) (   0,    0)
          (   0,    0) (   0,    0) (   0,    0) (   0,    0) (   0,    0) (   0,    0) (   0,    0) (   0,    0) (   0,    0) (   0,    0)
          (   0,    0) (   0,    0) (   0,    0) (   0,    0) (   0,    0) (   0,    0) (   0,    0) (   0,    0) (   0,    0) (   0,    0)
          (   0,    0) (   0,    0) (   0,    0) (   0,    0) (   0,    0) (   0,    0) (   0,    0) (   0,    0) (   0,    0) (   0,    0)
          (   0,    0) (   0,    0) (   0,    0) (   0,    0) (   0,    0) (   0,    0) (   0,    0) (   0,    0) (   0,    0) (   0,    0)
          (   0,    0) (   0,    0) (   0,    0) (   0,    0) (   0,    0) (   0,    0) (   0,    0) (   0,    0) (   0,    0) (   0,    0)
          (   0,    0) (   0,    0) (   0,    0) (   0,    0) (   0,    0) (   0,    0) (   0,    0) (   0,    0) (   0,    0) (   0,    0)
          (   0,    0) (   0,    0) (   0,    0) (   0,    0) (   0,    0) (   0,    0) (   0,    0) (   0,    0) (   0,    0) (   0,    0)
          (   0,    0) (   0,    0) (   0,    0) (   0,    0) (   0,    0) (   0,    0) (   0,    0) (   0,    0) (   0,    0) (   0,    0)
          (   0,    0) (   0,    0) (   0,    0) (   0,    0) (   0,    0) (   0,    0) (   0,    0) (   0,    0) (   0,    0) (   0,    0)
          (   0,    0) (   0,    0) (   0,    0) (   0,    0) (   0,    0) (   0,    0) (   0,    0) (   0,    0) (   0,    0) (   0,    0)
          (   0,    0) (   0,    0) (   0,    0) (   0,    0) (   0,    0) (   0,    0) (   0,    0) (   0,    0) (   0,    0) (   0,    0)
          (   0,    0) (   0,    0) (   0,    0) (   0,    0) (   0,    0) (   0,    0) (   0,    0) (   0,    0) (   0,    0) (   0,    0)
          (   0,    0) (   0,    0) (   0,    0) (   0,    0) (   0,    0) (   0,    0) (   0,    0) (   0,    0) (   0,    0) (   0,    0)
          (   0,    0) (   0,    0) (   0,    0) (   0,    0) (   0,    0) (   0,    0) (   0,    0) (   0,    0) (   0,    0) (   0,    0)
          (   0,    0) (   0,    0) (   0,    0) (   0,    0) (   0,    0) (   0,    0) (   0,    0) (   0,    0) (   0,    0) (   0,    0)
          (   0,    0) (   0,    0) (   0,    0) (   0,    0) (   0,    0) (   0,    0) (   0,    0) (   0,    0) (   0,    0) (   0,    0)
          (   0,    0) (   0,    0) (   0,    0) (   0,    0) (   0,    0) (   0,    0) (   0,    0) (   0,    0) (   0,    0) (   0,    0)
          (   0,    0) (   0,    0) (   0,    0) (   0,    0) (   0,    0) (   0,    0) (   0,    0) (   0,    0) (   0,    0) (   0,    0)
          (   0,    0) (   0,    0) (   0,    0) (   0,    0) (   0,    0) (   0,    0) (   0,    0) (   0,    0) (   0,    0) (   0,    0)
          (   0,    0) (   0,    0) (   0,    0) (   0,    0) (   0,    0) (   0,    0) (   0,    0) (   0,    0) (   0,    0) (   0,    0)
          (   0,    0) (   0,    0) (   0,    0) (   0,    0) (   0,    0) (   0,    0) (   0,    0) (   0,    0) (   0,    0) (   0,    0)
          (   0,    0) (   0,    0) (   0,    0) (   0,    0) (   0,    0) (   0,    0) (   0,    0) (   0,    0) (   0,    0) (   0,    0)
          (   0,    0) (   0,    0) (   0,    0) (   0,    0) (   0,    0) (   0,    0) (   0,    0) (   0,    0) (   0,    0) (   0,    0)
          (   0,    0) (   0,    0) (   0,    0) (   0,    0) (   0,    0) (   0,    0) (   0,    0) (   0,    0) (   0,    0) (   0,    0)
          (   0,    0) (   0,    0) (   0,    0) (   0,    0) (   0,    0) (   0,    0) (   0,    0) (   0,    0) (   0,    0) (   0,    0)
          (   0,    0) (   0,    0) (   0,    0) (   0,    0) (   0,    0) (   0,    0) (   0,    0) (   0,    0) (   0,    0) (   0,    0)
          (   0,    0) (   0,    0) (   0,    0) (   0,    0) (   0,    0) (   0,    0) (   0,    0) (   0,    0) (   0,    0) (   0,    0)
          (   0,    0) (   0,    0) (   0,    0) (   0,    0) (   0,    0) (   0,    0) (   0,    0) (   0,    0) (   0,    0) (   0,    0)
          (   0,    0) (   0,    0) (   0,    0) (   0,    0) (   0,    0) (   0,    0) (   0,    0) (   0,    0) (   0,    0) (   0,    0)
          (   0,    0) (   0,    0) (   0,    0) (   0,    0) (   0,    0) (   0,    0) (   0,    0) (   0,    0) (   0,    0) (   0,    0)
          (   0,    0) (   0,    0) (   0,    0) (   0,    0) (   0,    0) (   0,    0) (   0,    0) (   0,    0) (   0,    0) (   0,    0)
          (   0,    0) (   0,    0) (   0,    0) (   0,    0) (   0,    0) (   0,    0) (   0,    0) (   0,    0) (   0,    0) (   0,    0)
          (   0,    0) (   0,    0) (   0,    0) (   0,    0) (   0,    0) (   0,    0) (   0,    0) (   0,    0) (   0,    0) (   0,    0)
          (   0,    0) (   0,    0) (   0,    0) (   0,    0) (   0,    0) (   0,    0) (   0,    0) (   0,    0) (   0,    0) (   0,    0)
          (   0,    0) (   0,    0) (   0,    0) (   0,    0) (   0,    0) (   0,    0) (   0,    0) (   0,    0) (   0,    0) (   0,    0)
          (   0,    0) (   0,    0) (   0,    0) (   0,    0) (   0,    0) (   0,    0) (   0,    0) (   0,    0) (   0,    0) (   0,    0)
          (   0,    0) (   0,    0) (   0,    0) (   0,    0) (   0,    0) (   0,    0) (   0,    0) (   0,    0) (   0,    0) (   0,    0)
          (   0,    0) (   0,    0) (   0,    0) (   0,    0) (   0,    0) (   0,    0) (   0,    0) (   0,    0) (   0,    0) (   0,    0)
          (   0,    0) (   0,    0) (   0,    0) (   0,    0) (   0,    0) (   0,    0) (   0,    0) (   0,    0) (   0,    0) (   0,    0)
          (   0,    0) (   0,    0) (   0,    0) (   0,    0) (   0,    0) (   0,    0) (   0,    0) (   0,    0) (   0,    0) (   0,    0)
          (   0,    0) (   0,    0) (   0,    0) (   0,    0) (   0,    0) (   0,    0) (   0,    0) (   0,    0) (   0,    0) (   0,    0)
          (   0,    0) (   0,    0) (   0,    0) (   0,    0) (   0,    0) (   0,    0) (   0,    0) (   0,    0) (   0,    0) (   0,    0)
          (   0,    0) (   0,    0) (   0,    0) (   0,    0) (   0,    0) (   0,    0) (   0,    0) (   0,    0) (   0,    0) (   0,    0)
          (   0,    0) (   0,    0) (   0,    0) (   0,    0) (   0,    0) (   0,    0) (   0,    0) (   0,    0) (   0,    0) (   0,    0)
          (   0,    0) (   0,    0) (   0,    0) (   0,    0) (   0,    0) (   0,    0) (   0,    0) (   0,    0) (   0,    0) (   0,    0)
          (   0,    0) (   0,    0) (   0,    0) (   0,    0) (   0,    0) (   0,    0) (   0,    0) (   0,    0) (   0,    0) (   0,    0)
          (   0,    0) (   0,    0) (   0,    0) (   0,    0) (   0,    0) (   0,    0) (   0,    0) (   0,    0) (   0,    0) (   0,    0)
          (   0,    0) (   0,    0) (   0,    0) (   0,    0) (   0,    0) (   0,    0) (   0,    0) (   0,    0) (   0,    0) (   0,    0)
          (   0,    0) (   0,    0) (   0,    0) (   0,    0) (   0,    0) (   0,    0) (   0,    0) (   0,    0) (   0,    0) (   0,    0)
          (   0,    0) (   0,    0) (   0,    0) (   0,    0) (   0,    0) (   0,    0) (   0,    0) (   0,    0) (   0,    0) (   0,    0)
          (   0,    0) (   0,    0) (   0,    0) (   0,    0) (   0,    0) (   0,    0) (   0,    0) (   0,    0) (   0,    0) (   0,    0)
          (   0,    0) (   0,    0) (   0,    0) (   0,    0) (   0,    0) (   0,    0) (   0,    0) (   0,    0) (   0,    0) (   0,    0)
          (   0,    0) (   0,    0) (   0,    0) (   0,    0) (   0,    0) (   0,    0) (   0,    0) (   0,    0) (   0,    0) (   0,    0)
          (   0,    0) (   0,    0) (   0,    0) (   0,    0) (   0,    0) (   0,    0) (   0,    0) (   0,    0) (   0,    0) (   0,    0)
         
node   7 sent_total    190  recv_total    188

node   8  (   0,    0) (   1,    0) (   0,    0) (   1,    1) (   1,    0) (   1,    1) (   2,    2) (   1,    1) (   1,    1) (   2,    2)
          (   1,    1) (   1,    1) (   2,    2) (   1,    1) (   2,    2) (   1,    1) (   1,    1) (   3,    3) (   2,    2) (   2,    2)
          (   1,    1) (   2,    2) (   2,    2) (   4,    4) (   2,    2) (   2,    2) (   1,    1) (   2,    2) (   4,    4) (   1,    1)
          (   2,    2) (   2,    2) (   1,    1) (   1,    1) (   3,    3) (   2,    2) (   3,    3) (   2,    2) (   2,    2) (   3,    3)
          (   2,    2) (   2,    2) (   3,    3) (   2,    2) (   2,    2) (   1,    1) (   2,    2) (   3,    3) (   1,    1) (   2,    2)
          (   1,    1) (   1,    1) (   3,    3) (   4,    4) (   2,    2) (   1,    1) (   2,    2) (   4,    4) (   3,    3) (   2,    2)
          (   2,    2) (   2,    2) (   3,    3) (   1,    1) (   3,    3) (   1,    1) (   1,    1) (   2,    2) (   1,    1) (   1,    1)
          (   5,    5) (   3,    3) (   5,    5) (   2,    2) (   4,    4) (   2,    2) (   2,    2) (   2,    2) (   2,    2) (   2,    2)
          (   2,    2) (   1,    1) (   3,    3) (   2,    2) (   3,    3) (   2,    2) (   2,    2) (   1,    1) (   2,    2) (   1,    1)
          (   2,    2) (   1,    1) (   2,    2) (   1,    1) (   2,    2) (   3,    3) (   2,    2) (   2,    2) (   5,    5) (   2,    2)
          (   2,    2) (   2,    2) (   2,    1) (   1,    0) (   1,    1) (   1,    1) (   1,    0) (   1,    0) (   1,    1) (   1,    1)
          (   1,    0) (   2,    1) (   2,    2) (   1,    0) (   1,    1) (   2,    2) (   1,    0) (   3,    3) (   1,    1) (   1,    1)
          (   2,    2) (   1,    1) (   2,    2) (   3,    3) (   1,    0) (   2,    2) (   1,    1) (   1,    1) (   1,    0) (   2,    2)
          (   2,    1) (   2,    2) (   2,    1) (   1,    1) (   1,    0) (   2,    2) (   1,    0) (   1,    0) (   1,    1) (   1,    0)
          (   3,    3) (   1,    0) (   1,    0) (   1,    1) (   1,    1) (   1,    1) (   1,    0) (   3,    3) (   1,    0) (   1,    0)
          (   1,    1) (   1,    0) (   1,    0) (   1,    1) (   2,    1) (   1,    1) (   1,    0) (   1,    0) (   1,    1) (   4,    3)
          (   1,    1) (   2,    2) (   1,    0) (   2,    1) (   1,    1) (   1,    0) (   2,    1) (   1,    0) (   1,    0) (   3,    3)
          (   1,    0) (   1,    0) (   1,    1) (   1,    1) (   2,    2) (   2,    2) (   1,    1) (   1,    1) (   1,    0) (   1,    1)
          (   2,    1) (   2,    2) (   1,    1) (   1,    1) (   1,    1) (   2,    1) (   1,    1) (   1,    0) (   2,    1) (   2,    1)
          (   2,    2) (   1,    0) (   1,    0) (   2,    1) (   3,    2) (   2,    1) (   1,    1) (   2,    2) (   2,    2) (   1,    1)
          (   2,    1) (   1,    1) (   1,    0) (   1,    1) (   1,    0) (   1,    1) (   1,    1) (   1,    1) (   1,    1) (   1,    0)
          (   1,    0) (   2,    1) (   2,    1) (   3,    2) (   1,    0) (   1,    0) (   1,    0) (   1,    1) (   2,    2) (   3,    2)
          (   3,    2) (   2,    2) (   1,    1) (   1,    0) (   1,    1) (   1,    1) (   1,    0) (   1,    1) (   2,    2) (   3,    3)
          (   1,    0) (   2,    2) (   2,    1) (   1,    1) (   1,    0) (   2,    2) (   1,    1) (   1,    1) (   2,    1) (   1,    0)
          (   2,    1) (   2,    2) (   1,    1) (   1,    1) (   1,    0) (   1,    0) (   2,    1) (   1,    1) (   1,    1) (   1,    0)
          (   1,    0) (   1,    0) (   2,    2) (   2,    1) (   2,    2) (   1,    1) (   1,    0) (   1,    1) (   1,    0) (   2,    2)
          (   2,    2) (   2,    2) (   1,    0) (   2,    2) (   2,    1) (   2,    2) (   1,    1) (   1,    0) (   2,    1) (   1,    0)
          (   2,    1) (   1,    0) (   1,    1) (   1,    1) (   2,    2) (   2,    1) (   1,    1) (   1,    1) (   2,    2) (   1,    1)
          (   2,    2) (   1,    1) (   1,    1) (   1,    0) (   3,    2) (   1,    1) (   1,    1) (   3,    2) (   1,    0) (   1,    0)
          (   1,    1) (   1,    1) (   2,    2) (   1,    0) (   1,    0) (   1,    0) (   1,    1) (   1,    1) (   1,    1) (   2,    1)
          (   1,    1) (   1,    0) (   2,    2) (   1,    1) (   2,    1) (   1,    1) (   1,    1) (   1,    1) (   1,    1) (   2,    2)
          (   3,    2) (   1,    1) (   1,    0) (   1,    1) (   1,    1) (   2,    2) (   1,    1) (   1,    1) (   2,    2) (   1,    0)
          (   2,    2) (   2,    1) (   2,    2) (   4,    3) (   1,    0) (   2,    2) (   1,    0) (   2,    2) (   2,    2) (   1,    1)
          (   1,    0) (   2,    2) (   1,    1) (   1,    0) (   1,    1) (   1,    0) (   1,    0) (   1,    0) (   1,    0) (   1,    0)
          (   2,    1) (   1,    0) (   1,    0) (   2,    2) (   1,    0) (   2,    1) (   2,    2) (   2,    1) (   1,    0) (   1,    0)
          (   1,    0) (   1,    0) (   1,    0) (   1,    0) (   1,    1) (   2,    2) (   1,    1) (   1,    0) (   1,    1) (   1,    1)
          (   1,    0) (   1,    0) (   1,    0) (   1,    1) (   3,    2) (   1,    1) (   2,    1) (   1,    0) (   1,    0) (   1,    0)
          (   1,    1) (   1,    1) (   1,    1) (   1,    1) (   1,    1) (   1,    1) (   1,    0) (   2,    2) (   1,    0) (   1,    1)
          (   1,    0) (   1,    0) (   2,    1) (   1,    1) (   2,    2) (   1,    0) (   2,    2) (   1,    0) (   1,    1) (   1,    1)
          (   1,    1) (   1,    1) (   3,    2) (   1,    0) (   2,    2) (   1,    0) (   2,    2) (   1,    1) (   3,    2) (   2,    2)
          (   1,    1) (   1,    1) (   1,    1) (   1,    1) (   1,    1) (   1,    0) (   1,    0) (   2,    2) (   1,    0) (   2,    2)
          (   1,    1) (   1,    1) (   2,    2) (   1,    0) (   1,    0) (   4,    4) (   2,    2) (   1,    1) (   1,    0) (   3,    2)
          (   1,    1) (   2,    1) (   2,    2) (   1,    0) (   2,    1) (   1,    0) (   1,    1) (   1,    1) (   1,    1) (   1,    0)
          (   1,    0) (   1,    0) (   1,    0) (   1,    0) (   1,    1) (   1,    0) (   1,    1) (   2,    1) (   2,    1) (   1,    1)
          (   2,    1) (   1,    0) (   1,    0) (   1,    0) (   2,    2) (   2,    1) (   2,    2) (   2,    1) (   1,    0) (   1,    0)
          (   1,    0) (   2,    1) (   1,    0) (   3,    2) (   1,    0) (   1,    1) (   1,    1) (   1,    0) (   1,    1) (   2,    1)
          (   2,    2) (   1,    0) (   1,    1) (   1,    0) (   1,    1) (   1,    1) (   1,    1) (   1,    0) (   2,    2) (   1,    0)
          (   2,    1) (   2,    2) (   1,    1) (   2,    2) (   1,    1) (   1,    0) (   1,    1) (   1,    1) (   1,    1) (   2,    2)
          (   1,    1) (   3,    3) (   2,    2) (   1,    1) (   2,    1) (   1,    0) (   2,    2) (   2,    1) (   1,    1) (   1,    1)
          (   1,    0) (   1,    1) (   2,    1) (   1,    1) (   1,    1) (   2,    1) (   2,    2) (   1,    0) (   1,    1) (   1,    0)
          (   1,    1) (   1,    1) (   3,    2) (   2,    2) (   2,    1) (   2,    1) (   1,    0) (   2,    1) (   2,    2) (   1,    0)
          (   3,    3) (   3,    2) (   1,    1) (   2,    2) (   2,    1) (   3,    3) (   1,    0) (   2,    2) (   1,    0) (   1,    0)
          (   1,    0) (   1,    1) (   2,    1) (   1,    1) (   3,    2) (   1,    0) (   2,    1) (   1,    0) (   2,    1) (   2,    1)
          (   1,    0) (   3,    3) (   1,    0) (   1,    0) (   1,    1) (   1,    0) (   1,    0) (   1,    0) (   1,    0) (   1,    1)
          (   1,    1) (   1,    0) (   1,    1) (   2,    1) (   1,    1) (   1,    1) (   1,    0) (   1,    0) (   1,    0) (   2,    2)
          (   1,    1) (   1,    1) (   1,    0) (   3,    3) (   1,    0) (   2,    1) (   2,    2) (   2,    2) (   2,    1) (   1,    0)
          (   1,    1) (   1,    0) (   1,    0) (   1,    1) (   1,    1) (   1,    1) (   1,    0) (   1,    1) (   1,    1) (   3,    3)
          (   2,    2) (   2,    2) (   2,    2) (   1,    0) (   1,    1) (   1,    0) (   2,    2) (   1,    1) (   1,    0) (   1,    0)
          (   1,    1) (   2,    1) (   1,    0) (   2,    2) (   1,    1) (   2,    1) (   1,    1) (   1,    0) (   2,    1) (   1,    0)
          (   2,    1) (   1,    1) (   2,    2) (   2,    1) (   1,    1) (   2,    1) (   1,    1) (   1,    0) (   3,    2) (   2,    2)
          (   2,    2) (   2,    1) (   1,    0) (   2,    2) (   1,    0) (   1,    1) (   1,    0) (   1,    0) (   2,    1) (   1,    0)
          (   1,    0) (   2,    1) (   1,    0) (   1,    1) (   2,    1) (   3,    3) (   2,    2) (   1,    0) (   1,    1) (   1,    1)
          (   2,    2) (   1,    0) (   1,    0) (   1,    1) (   1,    0) (   1,    0) (   2,    1) (   1,    0) (   1,    0) (   1,    0)
          (   2,    2) (   2,    1) (   1,    0) (   1,    1) (   2,    2) (   2,    2) (   2,    1) (   1,    1) (   1,    1) (   1,    1)
          (   1,    1) (   2,    1) (   1,    1) (   1,    1) (   1,    0) (   1,    1) (   2,    2) (   1,    0) (   1,    1) (   3,    2)
          (   2,    1) (   1,    1) (   1,    0) (   2,    1) (   1,    0) (   1,    0) (   2,    1) (   2,    2) (   2,    1) (   2,    1)
          (   1,    0) (   2,    2) (   1,    0) (   1,    0) (   2,    1) (   1,    0) (   1,    0) (   1,    1) (   1,    1) (   2,    2)
          (   1,    0) (   1,    1) (   2,    2) (   2,    1) (   1,    0) (   2,    1) (   2,    1) (   2,    2) (   1,    1) (   1,    0)
          (   2,    1) (   1,    0) (   1,    1) (   1,    0) (   2,    1) (   1,    1) (   1,    0) (   1,    0) (   1,    1) (   1,    0)
          (   1,    0) (   4,    3) (   2,    1) (   1,    0) (   1,    0) (   1,    0) (   1,    0) (   1,    0) (   1,    1) (   2,    1)
         
node   8 sent_total   1050  recv_total    742

node   9  (   0,    0) (   0,    0) (   1,    0) (   0,    0) (   1,    1) (   1,    0) (   1,    1) (   1,    1) (   1,    1) (   1,    1)
          (   2,    2) (   4,    4) (   1,    1) (   3,    3) (   1,    1) (   1,    1) (   3,    3) (   1,    1) (   4,    4) (   3,    3)
          (   1,    1) (   2,    2) (   2,    2) (   4,    4) (   3,    3) (   1,    1) (   3,    3) (   1,    1) (   1,    1) (   1,    1)
          (   1,    1) (   3,    3) (   3,    3) (   5,    5) (   2,    2) (   2,    2) (   4,    4) (   3,    3) (   3,    3) (   3,    3)
          (   3,    3) (   2,    2) (   2,    2) (   3,    3) (   2,    2) (   2,    2) (   2,    2) (   3,    3) (   2,    2) (   3,    3)
          (   2,    2) (   1,    1) (   2,    2) (   1,    1) (   2,    2) (   3,    3) (   2,    2) (   2,    2) (   4,    4) (   1,    1)
          (   3,    3) (   4,    4) (   3,    3) (   1,    1) (   2,    2) (   2,    2) (   1,    1) (   1,    1) (   3,    3) (   1,    1)
          (   2,    2) (   1,    1) (   2,    2) (   2,    2) (   2,    2) (   1,    1) (   1,    1) (   3,    3) (   3,    3) (   1,    1)
          (   2,    2) (   1,    1) (   2,    2) (   3,    3) (   2,    2) (   2,    2) (   2,    2) (   1,    1) (   3,    3) (   3,    3)
          (   2,    2) (   3,    3) (   5,    5) (   1,    1) (   1,    1) (   3,    3) (   2,    2) (   1,    1) (   1,    1) (   3,    3)
          (   1,    1) (   3,    3) (   1,    1) (   1,    0) (   1,    0) (   1,    1) (   1,    0) (   1,    0) (   2,    2) (   2,    2)
          (   2,    2) (   1,    0) (   1,    0) (   2,    1) (   1,    1) (   1,    1) (   2,    2) (   2,    1) (   1,    1) (   1,    0)
          (   1,    0) (   1,    0) (   1,    0) (   1,    0) (   2,    1) (   3,    3) (   2,    2) (   1,    0) (   2,    1) (   1,    0)
          (   1,    0) (   1,    0) (   1,    1) (   2,    2) (   3,    2) (   2,    1) (   2,    2) (   1,    0) (   1,    0) (   1,    0)
          (   2,    2) (   1,    1) (   3,    2) (   3,    3) (   1,    0) (   1,    0) (   1,    0) (   1,    1) (   1,    1) (   1,    1)
          (   3,    2) (   1,    0) (   1,    1) (   1,    1) (   1,    0) (   1,    0) (   1,    1) (   2,    2) (   1,    0) (   2,    1)
          (   2,    2) (   1,    0) (   2,    2) (   1,    1) (   1,    1) (   3,    3) (   1,    0) (   1,    1) (   2,    2) (   1,    0)
          (   1,    1) (   2,    2) (   2,    1) (   2,    1) (   1,    0) (   1,    0) (   1,    0) (   1,    1) (   2,    1) (   1,    0)
          (   1,    0) (   2,    2) (   1,    1) (   2,    1) (   1,    1) (   1,    1) (   1,    1) (   1,    0) (   2,    2) (   2,    1)
          (   1,    1) (   1,    1) (   1,    1) (   1,    0) (   1,    0) (   1,    0) (   1,    1) (   1,    0) (   1,    1) (   1,    0)
          (   2,    2) (   1,    0) (   2,    1) (   1,    0) (   1,    0) (   2,    2) (   1,    0) (   1,    0) (   1,    0) (   2,    1)
          (   1,    0) (   1,    0) (   1,    0) (   2,    1) (   1,    0) (   1,    1) (   1,    1) (   1,    1) (   1,    0) (   3,    2)
          (   2,    2) (   2,    2) (   1,    0) (   2,    1) (   1,    0) (   2,    2) (   1,    1) (   3,    2) (   1,    0) (   2,    2)
          (   1,    1) (   1,    0) (   2,    2) (   2,    2) (   1,    1) (   2,    1) (   2,    2) (   2,    1) (   1,    1) (   1,    0)
          (   3,    3) (   2,    1) (   1,    0) (   1,    0) (   2,    1) (   1,    0) (   1,    0) (   1,    1) (   1,    1) (   2,    1)
          (   1,    0) (   2,    1) (   1,    1) (   3,    3) (   1,    1) (   3,    2) (   1,    1) (   1,    0) (   2,    1) (   1,    0)
          (   1,    0) (   1,    0) (   2,    1) (   1,    0) (   1,    0) (   1,    0) (   1,    1) (   1,    0) (   1,    1) (   1,    1)
          (   1,    0) (   2,    1) (   2,    1) (   2,    2) (   1,    0) (   2,    2) (   1,    1) (   1,    0) (   1,    1) (   1,    0)
          (   1,    0) (   2,    2) (   1,    1) (   1,    0) (   1,    1) (   2,    1) (   1,    1) (   1,    1) (   1,    0) (   2,    1)
          (   3,    3) (   2,    2) (   1,    1) (   2,    2) (   1,    0) (   1,    1) (   2,    2) (   1,    1) (   1,    1) (   2,    1)
          (   3,    2) (   2,    1) (   2,    1) (   2,    1) (   3,    2) (   1,    1) (   3,    3) (   2,    2) (   1,    0) (   1,    0)
          (   2,    2) (   2,    2) (   3,    2) (   1,    0) (   1,    1) (   1,    1) (   1,    0) (   1,    0) (   1,    0) (   2,    1)
          (   1,    1) (   2,    1) (   1,    0) (   2,    1) (   3,    3) (   1,    0) (   2,    2) (   1,    1) (   1,    1) (   1,    1)
          (   2,    1) (   2,    1) (   1,    1) (   2,    1) (   1,    0) (   1,    0) (   1,    1) (   2,    1) (   3,    2) (   1,    0)
          (   2,    2) (   2,    2) (   1,    0) (   1,    0) (   1,    0) (   3,    2) (   1,    1) (   1,    0) (   1,    0) (   2,    1)
          (   1,    1) (   2,    1) (   2,    2) (   1,    0) (   1,    1) (   2,    2) (   1,    0) (   1,    1) (   3,    2) (   1,    1)
          (   1,    1) (   1,    0) (   1,    0) (   1,    1) (   1,    0) (   2,    2) (   1,    0) (   1,    1) (   1,    0) (   1,    1)
          (   2,    1) (   3,    2) (   2,    2) (   3,    3) (   1,    0) (   1,    0) (   1,    1) (   1,    0) (   2,    2) (   2,    1)
          (   2,    2) (   1,    0) (   2,    1) (   1,    0) (   2,    1) (   2,    2) (   1,    0) (   2,    2) (   2,    2) (   2,    1)
          (   2,    1) (   1,    1) (   1,    0) (   1,    1) (   2,    1) (   1,    1) (   2,    1) (   1,    1) (   3,    3) (   1,    1)
          (   3,    2) (   2,    1) (   1,    0) (   1,    1) (   1,    0) (   1,    0) (   1,    0) (   1,    1) (   1,    1) (   2,    1)
          (   2,    2) (   1,    0) (   1,    0) (   1,    0) (   1,    1) (   2,    2) (   2,    2) (   1,    1) (   2,    1) (   2,    1)
          (   2,    2) (   1,    0) (   1,    0) (   1,    1) (   2,    2) (   1,    1) (   3,    3) (   2,    1) (   1,    1) (   2,    1)
          (   1,    0) (   1,    1) (   1,    1) (   2,    1) (   1,    0) (   1,    0) (   2,    1) (   1,    1) (   1,    1) (   1,    1)
          (   1,    0) (   1,    0) (   1,    0) (   1,    0) (   2,    2) (   1,    1) (   2,    1) (   2,    2) (   1,    1) (   2,    2)
          (   1,    1) (   1,    0) (   2,    2) (   1,    0) (   1,    1) (   2,    2) (   1,    0) (   1,    0) (   1,    0) (   1,    0)
          (   1,    0) (   2,    2) (   1,    0) (   1,    0) (   2,    1) (   1,    0) (   1,    1) (   1,    1) (   2,    2) (   1,    0)
          (   1,    0) (   2,    2) (   1,    0) (   1,    0) (   1,    1) (   2,    1) (   1,    1) (   3,    2) (   2,    1) (   2,    1)
          (   2,    2) (   2,    2) (   1,    1) (   1,    0) (   1,    0) (   1,    1) (   2,    2) (   1,    1) (   1,    0) (   1,    1)
          (   1,    1) (   1,    1) (   2,    2) (   2,    2) (   1,    0) (   2,    1) (   2,    2) (   2,    1) (   1,    1) (   2,    2)
          (   1,    0) (   1,    1) (   2,    1) (   1,    1) (   2,    2) (   2,    1) (   1,    1) (   2,    1) (   1,    0) (   3,    3)
          (   1,    0) (   1,    1) (   1,    0) (   1,    1) (   4,    4) (   1,    1) (   1,    1) (   1,    0) (   1,    0) (   1,    0)
          (   2,    1) (   3,    3) (   1,    1) (   1,    1) (   1,    0) (   1,    0) (   1,    1) (   1,    1) (   1,    0) (   1,    1)
          (   1,    0) (   1,    1) (   1,    1) (   2,    1) (   1,    0) (   1,    0) (   1,    0) (   2,    1) (   3,    3) (   2,    2)
          (   1,    0) (   1,    1) (   1,    1) (   1,    0) (   1,    1) (   1,    0) (   1,    1) (   1,    0) (   4,    4) (   2,    1)
          (   1,    1) (   2,    2) (   3,    2) (   1,    0) (   1,    1) (   1,    1) (   2,    1) (   2,    2) (   1,    1) (   2,    1)
          (   2,    1) (   1,    1) (   3,    3) (   2,    2) (   2,    1) (   1,    1) (   3,    3) (   1,    1) (   1,    0) (   1,    1)
          (   1,    0) (   3,    3) (   1,    0) (   2,    2) (   2,    2) (   2,    2) (   2,    2) (   1,    0) (   1,    1) (   1,    0)
          (   3,    2) (   1,    0) (   3,    2) (   1,    0) (   3,    3) (   1,    0) (   1,    1) (   2,    1) (   2,    1) (   2,    2)
          (   1,    0) (   3,    3) (   1,    0) (   2,    2) (   1,    1) (   1,    0) (   2,    1) (   1,    0) (   2,    1) (   1,    1)
          (   1,    0) (   1,    0) (   1,    0) (   1,    0) (   1,    0) (   1,    1) (   1,    1) (   2,    2) (   1,    0) (   2,    2)
          (   1,    0) (   1,    1) (   2,    1) (   2,    2) (   3,    2) (   1,    1) (   2,    2) (   1,    1) (   1,    0) (   2,    1)
          (   1,    0) (   2,    2) (   2,    1) (   1,    0) (   2,    2) (   1,    0) (   1,    1) (   1,    1) (   2,    1) (   2,    1)
          (   1,    1) (   1,    1) (   2,    2) (   1,    1) (   1,    1) (   1,    1) (   1,    1) (   1,    1) (   2,    1) (   1,    1)
          (   2,    1) (   1,    1) (   2,    1) (   2,    1) (   1,    0) (   2,    1) (   2,    1) (   2,    2) (   2,    2) (   1,    0)
          (   1,    1) (   1,    0) (   1,    1) (   1,    1) (   1,    0) (   1,    0) (   2,    2) (   1,    1) (   1,    1) (   2,    2)
          (   3,    3) (   1,    1) (   1,    1) (   1,    0) (   2,    2) (   2,    2) (   2,    1) (   1,    0) (   2,    1) (   2,    1)
          (   1,    0) (   3,    2) (   1,    0) (   1,    1) (   1,    0) (   3,    2) (   1,    1) (   1,    1) (   1,    0) (   1,    1)
          (   1,    1) (   2,    2) (   1,    0) (   1,    1) (   1,    0) (   1,    1) (   1,    1) (   2,    1) (   1,    1) (   1,    1)
          (   1,    0) (   1,    0) (   1,    0) (   2,    2) (   2,    2) (   2,    2) (   1,    0) (   1,    0) (   2,    2) (   1,    0)
         
node   9 sent_total   1081  recv_total    764

node  10  (   0,    0) (   0,    0) (   1,    0) (   0,    0) (   1,    1) (   1,    0) (   2,    2) (   1,    1) (   1,    1) (   2,    2)
          (   2,    2) (   2,    2) (   3,    3) (   2,    2) (   1,    1) (   2,    2) (   3,    3) (   2,    2) (   1,    1) (   1,    1)
          (   2,    2) (   2,    2) (   1,    1) (   1,    1) (   1,    1) (   1,    1) (   2,    2) (   4,    4) (   2,    2) (   3,    3)
          (   3,    3) (   3,    3) (   2,    2) (   1,    1) (   3,    3) (   1,    1) (   1,    1) (   2,    2) (   3,    3) (   2,    2)
          (   1,    1) (   2,    2) (   2,    2) (   2,    2) (   1,    1) (   1,    1) (   2,    2) (   1,    1) (   1,    1) (   2,    2)
          (   2,    2) (   1,    1) (   3,    3) (   2,    2) (   2,    2) (   3,    3) (   3,    3) (   1,    1) (   1,    1) (   2,    2)
          (   1,    1) (   1,    1) (   4,    4) (   1,    1) (   2,    2) (   1,    1) (   1,    1) (   1,    1) (   1,    1) (   4,    4)
          (   2,    2) (   2,    2) (   2,    2) (   1,    1) (   2,    2) (   4,    4) (   3,    3) (   1,    1) (   1,    1) (   3,    3)
          (   4,    4) (   3,    3) (   2,    2) (   2,    2) (   2,    2) (   4,    4) (   1,    1) (   2,    2) (   1,    1) (   2,    2)
          (   2,    2) (   1,    1) (   2,    2) (   2,    2) (   2,    2) (   2,    2) (   2,    2) (   1,    1) (   1,    1) (   2,    2)
          (   3,    3) (   3,    3) (   1,    1) (   1,    1) (   1,    0) (   1,    1) (   1,    0) (   2,    1) (   1,    0) (   1,    1)
          (   1,    0) (   2,    2) (   1,    1) (   3,    2) (   2,    1) (   2,    1) (   1,    1) (   2,    2) (   2,    2) (   1,    0)
          (   1,    1) (   1,    0) (   2,    1) (   1,    0) (   1,    1) (   1,    1) (   1,    1) (   1,    1) (   1,    0) (   1,    0)
          (   1,    1) (   1,    1) (   1,    0) (   1,    0) (   1,    0) (   2,    1) (   1,    0) (   2,    1) (   2,    1) (   2,    2)
          (   1,    1) (   1,    1) (   1,    0) (   1,    0) (   1,    1) (   1,    0) (   1,    1) (   1,    0) (   2,    1) (   1,    0)
          (   1,    0) (   2,    2) (   1,    0) (   1,    1) (   2,    2) (   2,    1) (   1,    0) (   1,    0) (   1,    0) (   1,    0)
          (   1,    1) (   1,    0) (   1,    0) (   1,    1) (   2,    2) (   1,    0) (   2,    2) (   2,    1) (   1,    1) (   1,    1)
          (   1,    0) (   2,    1) (   1,    1) (   1,    0) (   1,    0) (   2,    2) (   2,    1) (   1,    0) (   2,    1) (   1,    0)
          (   2,    1) (   2,    2) (   2,    2) (   2,    2) (   1,    1) (   3,    3) (   1,    1) (   1,    1) (   1,    1) (   2,    2)
          (   1,    1) (   1,    1) (   1,    0) (   1,    1) (   1,    0) (   1,    1) (   1,    1) (   2,    1) (   1,    1) (   3,    2)
          (   1,    0) (   2,    1) (   2,    1) (   1,    1) (   2,    1) (   1,    0) (   1,    0) (   1,    0) (   1,    0) (   1,    0)
          (   1,    0) (   1,    0) (   2,    2) (   1,    1) (   1,    1) (   2,    2) (   2,    1) (   1,    0) (   1,    0) (   1,    1)
          (   2,    2) (   1,    1) (   1,    1) (   2,    2) (   2,    2) (   1,    0) (   1,    1) (   1,    1) (   2,    2) (   1,    1)
          (   1,    1) (   2,    1) (   2,    2) (   1,    0) (   1,    1) (   1,    0) (   1,    0) (   1,    0) (   1,    1) (   2,    1)
          (   1,    0) (   2,    2) (   2,    2) (   1,    0) (   1,    1) (   1,    1) (   2,    1) (   2,    1) (   1,    0) (   1,    0)
          (   1,    0) (   1,    0) (   1,    0) (   1,    0) (   2,    2) (   1,    1) (   1,    1) (   1,    0) (   1,    0) (   1,    0)
          (   2,    1) (   1,    0) (   1,    0) (   1,    1) (   1,    0) (   1,    1) (   1,    0) (   1,    0) (   1,    0) (   1,    0)
          (   1,    0) (   1,    0) (   3,    3) (   1,    1) (   1,    1) (   2,    2) (   1,    0) (   2,    1) (   1,    0) (   1,    1)
          (   1,    1) (   1,    1) (   1,    0) (   1,    0) (   2,    1) (   3,    2) (   1,    0) (   1,    1) (   1,    1) (   1,    0)
          (   2,    1) (   2,    2) (   2,    1) (   1,    1) (   2,    1) (   1,    0) (   3,    2) (   1,    0) (   1,    0) (   1,    1)
          (   1,    0) (   1,    1) (   1,    0) (   1,    0) (   1,    0) (   1,    0) (   3,    2) (   3,    2) (   2,    2) (   3,    2)
          (   2,    1) (   1,    1) (   1,    0) (   3,    3) (   3,    3) (   1,    0) (   2,    1) (   1,    1) (   1,    0) (   2,    2)
          (   1,    1) (   1,    0) (   1,    1) (   1,    1) (   1,    1) (   1,    0) (   2,    1) (   1,    1) (   1,    1) (   1,    0)
          (   2,    1) (   1,    0) (   1,    0) (   1,    0) (   1,    0) (   1,    0) (   1,    1) (   1,    0) (   1,    0) (   1,    1)
          (   1,    1) (   1,    1) (   2,    2) (   1,    0) (   1,    1) (   1,    0) (   1,    1) (   1,    1) (   2,    2) (   2,    1)
          (   1,    1) (   1,    0) (   1,    1) (   2,    1) (   1,    0) (   2,    1) (   1,    1) (   1,    1) (   1,    0) (   1,    1)
          (   1,    0) (   2,    2) (   1,    0) (   1,    0) (   1,    0) (   1,    1) (   1,    1) (   1,    0) (   2,    2) (   1,    1)
          (   2,    2) (   2,    1) (   1,    0) (   2,    2) (   1,    0) (   2,    2) (   2,    2) (   1,    1) (   1,    0) (   2,    1)
          (   1,    0) (   1,    1) (   1,    1) (   1,    1) (   1,    1) (   2,    2) (   1,    0) (   1,    0) (   2,    1) (   2,    1)
          (   2,    2) (   2,    1) (   1,    0) (   2,    2) (   1,    0) (   2,    1) (   1,    0) (   2,    1) (   1,    1) (   1,    1)
          (   1,    1) (   1,    0) (   2,    1) (   1,    0) (   1,    0) (   1,    1) (   1,    0) (   1,    0) (   3,    3) (   2,    1)
          (   1,    0) (   2,    1) (   1,    0) (   1,    1) (   1,    1) (   1,    0) (   2,    2) (   2,    1) (   1,    1) (   2,    2)
          (   1,    0) (   2,    1) (   1,    1) (   1,    0) (   1,    0) (   3,    3) (   2,    2) (   1,    0) (   1,    0) (   1,    0)
          (   1,    1) (   2,    1) (   1,    0) (   1,    0) (   2,    2) (   2,    1) (   1,    0) (   1,    0) (   2,    1) (   1,    0)
          (   1,    1) (   1,    0) (   1,    1) (   3,    3) (   1,    1) (   2,    1) (   1,    0) (   1,    1) (   2,    2) (   2,    1)
          (   1,    0) (   2,    2) (   1,    1) (   2,    2) (   3,    3) (   2,    1) (   1,    0) (   1,    1) (   1,    0) (   1,    0)
          (   1,    0) (   1,    1) (   1,    0) (   1,    0) (   1,    1) (   2,    2) (   1,    0) (   2,    1) (   1,    0) (   1,    0)
          (   3,    2) (   1,    1) (   1,    1) (   3,    3) (   1,    0) (   1,    0) (   1,    0) (   1,    1) (   1,    0) (   1,    0)
          (   2,    2) (   1,    1) (   1,    1) (   2,    2) (   2,    1) (   2,    2) (   2,    1) (   2,    2) (   1,    1) (   3,    3)
          (   1,    0) (   2,    1) (   1,    0) (   2,    1) (   1,    0) (   1,    1) (   1,    1) (   1,    1) (   1,    1) (   1,    0)
          (   2,    2) (   1,    0) (   2,    1) (   2,    1) (   1,    1) (   1,    0) (   1,    0) (   2,    2) (   2,    2) (   1,    0)
          (   1,    1) (   1,    0) (   2,    2) (   1,    1) (   1,    0) (   1,    1) (   2,    1) (   1,    0) (   1,    1) (   1,    1)
          (   2,    1) (   1,    0) (   1,    1) (   1,    1) (   2,    2) (   1,    1) (   1,    1) (   1,    1) (   1,    0) (   1,    1)
          (   3,    2) (   1,    1) (   1,    1) (   1,    0) (   1,    1) (   1,    0) (   1,    0) (   1,    0) (   2,    2) (   1,    1)
          (   2,    2) (   3,    3) (   1,    0) (   2,    2) (   1,    1) (   2,    1) (   2,    2) (   1,    0) (   1,    1) (   1,    1)
          (   2,    1) (   1,    1) (   1,    1) (   1,    0) (   2,    2) (   1,    0) (   2,    2) (   1,    1) (   1,    0) (   1,    0)
          (   3,    2) (   2,    2) (   1,    0) (   1,    1) (   1,    1) (   1,    0) (   2,    1) (   1,    0) (   3,    3) (   2,    1)
          (   3,    3) (   1,    1) (   2,    2) (   3,    2) (   1,    1) (   1,    0) (   1,    1) (   1,    0) (   1,    0) (   1,    0)
          (   1,    0) (   1,    1) (   1,    1) (   2,    1) (   2,    1) (   3,    3) (   1,    1) (   1,    0) (   1,    1) (   1,    0)
          (   1,    1) (   1,    1) (   1,    1) (   3,    2) (   1,    0) (   1,    1) (   1,    1) (   1,    0) (   1,    0) (   1,    0)
          (   1,    1) (   1,    0) (   2,    2) (   1,    0) (   2,    1) (   1,    0) (   2,    1) (   1,    1) (   1,    1) (   2,    1)
          (   2,    1) (   1,    1) (   2,    2) (   1,    1) (   1,    1) (   1,    1) (   2,    1) (   1,    1) (   1,    0) (   2,    2)
          (   1,    0) (   1,    0) (   1,    0) (   2,    2) (   1,    1) (   1,    0) (   2,    1) (   1,    0) (   1,    1) (   1,    0)
          (   2,    2) (   1,    1) (   2,    1) (   2,    1) (   1,    1) (   1,    1) (   3,    3) (   2,    1) (   1,    1) (   1,    0)
          (   2,    1) (   1,    0) (   1,    0) (   1,    1) (   1,    1) (   2,    2) (   1,    0) (   2,    2) (   1,    1) (   1,    0)
          (   2,    2) (   1,    1) (   1,    1) (   2,    1) (   1,    0) (   2,    1) (   1,    0) (   2,    1) (   2,    1) (   1,    1)
          (   2,    1) (   1,    1) (   1,    1) (   1,    0) (   1,    0) (   1,    1) (   2,    1) (   2,    2) (   3,    2) (   1,    0)
          (   2,    1) (   1,    0) (   1,    0) (   2,    1) (   1,    1) (   1,    0) (   1,    1) (   1,    0) (   2,    2) (   3,    2)
          (   1,    0) (   1,    0) (   2,    1) (   1,    0) (   1,    0) (   1,    1) (   1,    0) (   2,    1) (   2,    2) (   1,    0)
          (   1,    0) (   1,    0) (   1,    1) (   2,    1) (   1,    1) (   1,    1) (   2,    1) (   3,    2) (   1,    0) (   1,    0)
         
node  10 sent_total   1010  recv_total    680

